Case #1:
GCJ
GCJ
GCJ
Case #2:
CODE
CODE
CJAM
Case #3:
CA
KE
Case #4:
A
Case #5:
AAAAEEEEBBBBBBBBFHIJJJJJJ
AAAAEEEEBBBBBBBBFHIJJJJJJ
AAAAEEEEBBBBBBBBFHIJJJJJJ
AAAAEEEEBBBBBBBBFHIJJJJJJ
AAAAEEEEBBBBBBBBFHIJJJJJJ
AAAAEEEEBBBBBBBBFHIJJJJJJ
AAAAEEEEBBBBBBBBFHIJJJJJJ
AAAAEEEEBBBBBBBBFHIJJJJJJ
AAAAEEEEBBBBBBBBFHIJJJJJJ
CCCCEEEEBBBBBBBBFHIJJJJJJ
CCCCEEEEDDDDDDDDFHIJJJJJJ
CCCCEEEEDDDDDDDDFHIJJJJJJ
CCCCEEEEDDDDDDDDFHIJJJJJJ
CCCCEEEEDDDDDDDDFHIJJJJJJ
CCCCEEEEDDDDDDDDFHIJJJJJJ
CCCCEEEEDDDDDDDDFHIJJJJJJ
CCCCEEEEDDDDDDDDFHIJJJJJJ
CCCCEEEEDDDDDDDDFHIJJJJJJ
CCCCEEEEDDDDDDDDFHIJJJJJJ
CCCCEEEEDDDDDDDDFHIJJJJJJ
CCCCEEEEDDDDDDDDFHIJJJJJJ
CCCCEEEEDDDDDDDDFHIJJJJJJ
CCCCEEEEDDDDDDDDFHIJJJJJJ
CCCCEEEEDDDDDDDDFHIJJJJJJ
CCCCEEEEDDDDDDDDGHIJJJJJJ
Case #6:
YHVKBBBFAWPPZGSQIIMMMLLLL
YHVKBBBFAWPPZGSQIIMMMLLLL
YHVKBBBFAWPPZGSQIIMMMLLLL
YHVKBBBFAWPPZNSQIIMMMLLLL
YHVKBBBFAWPPZNSQIIMMMLLLL
YHVKBBBFAWPPZNSQIIMMMLLLL
YHVKBBBFAWPPZNSQIIMMMLLLL
YHVKBBBFAWPPZNSQIIMMMLLLL
YHVKBBBFAWPPZNSQIIMMMLLLL
OHVKBBBFAWPPZNSQIIMMMLLLL
OHVKBBBFAWPPZNSQIIMMMLLLL
OHVKBBBFAWPPZNSQIIMMMLLLL
OHVKBBBFAWPPZNSQIIMMMRRRR
OHVKBBBFAWPPZNSQIIXXXRRRR
OHVKBBBFAWPPZNSEIIXXXRRRR
OHVKBBBFAWPPZNSEIIXXXRRRR
OHVKBBBFAWPPZNSEIIXXXRRRR
OHVKBBBFAWPPZNSEIIXXXRRRR
OHVKBBBFAWPPZNSEIIXXXRRRR
OHVDBBBFAWPPZNSEIIXXXUUUU
OHJDBBBTAWPPZNSEIIXXXUUUU
OHJDBBBTAWPPZNSEIIXXXUUUU
OHJDBBBTAWPPZNSEIIXXXUUUU
OHJDBBBTAWPPZCSEIIXXXUUUU
OHJDBBBTAWPPZCSEIIXXXUUUU
Case #7:
BBHLAANXXJJRUUUYYYQMMMTEI
BBHLAANXXJJRUUUYYYQMMMTEI
BBHLAANXXJJRUUUYYYQMMMTEI
BBHLAANXXJJRUUUYYYQMMMTEI
BBHLAANXXJJRUUUYYYQMMMTEI
BBHLAANXXJJRUUUYYYQMMMTEI
BBHLAANXXJJRUUUYYYQMMMTEI
BBHLAANXXJJRUUUYYYQMMMTEI
BBHLAANXXJJRGGGYYYQMMMTEI
BBHLAANXXJJRGGGYYYQMMMTEI
BBHLAANXXJJRGGGYYYQMMMTEI
BBHLAANXXJJRGGGYYYQMMMTEI
BBHLAANXXJJRGGGYYYQMMMTEI
BBHLAANXXJJRGGGYYYQMMMTEI
BBHLAANXXJJRGGGYYYQMMMTEI
BBHLAANXXJJRGGGYYYQMMMTEI
BBHLFFNXXSSRGGGYYYQMMMTEI
DDHLWWNXXSSRGGGYYYQMMMTEI
DDHLWWNXXSSRGGGYYYQMMMCEI
DDHLVVNXXSSRGGGYYYQMMMCEI
DDHLVVNXXPPRGGGYYYQMMMCEI
DDHLVVNXXPPRGGGYYYQMMMOEI
DDHLVVNXXPPRGGGZZZQMMMOEI
DDHLVVNXXPPRGGGZZZQMMMOEI
DDHKVVNXXPPRGGGZZZQMMMOEI
Case #8:
BA
BA
Case #9:
SSSSSSSSSSSSSVVVQFOOKJCEG
SSSSSSSSSSSSSVVVQFOOKJCEG
SSSSSSSSSSSSSVVVQFOOKJCEG
SSSSSSSSSSSSSVVVQFOOKJCEG
SSSSSSSSSSSSSVVVQFOOAJCEG
SSSSSSSSSSSSSVVVQFOOAMCEG
SSSSSSSSSSSSSVVVQFOOAMCEG
SSSSSSSSSSSSSVVVQFOOHMBEU
SSSSSSSSSSSSSVVVQFOOHPBEU
SSSSSSSSSSSSSNNNQFOOIYLTU
SSSSSSSSSSSSSNNNQFOOIYLTU
SSSSSSSSSSSSSNNNQFOOWYLXU
SSSSSSSSSSSSSNNNQFOOWZLXU
SSSSSSSSSSSSSNNNQFOOWZLXU
SSSSSSSSSSSSSNNNQFOOWZLDU
SSSSSSSSSSSSSNNNQFOOWZLDU
SSSSSSSSSSSSSNNNQFOOWZRDU
SSSSSSSSSSSSSNNNQFOOWZRDU
SSSSSSSSSSSSSNNNQFOOWZRDU
SSSSSSSSSSSSSNNNQFOOWZRDU
SSSSSSSSSSSSSNNNQFOOWZRDU
SSSSSSSSSSSSSNNNQFOOWZRDU
SSSSSSSSSSSSSNNNQFOOWZRDU
SSSSSSSSSSSSSNNNQFOOWZRDU
SSSSSSSSSSSSSNNNQFOOWZRDU
Case #10:
HTTNJOOLXXXFZVVCWWKMMAUUG
HTTNJOOLXXXFZVVCWWKMMAUUG
HTTNJOOLXXXFZVVCWWKMMAUUG
HTTNJOOLXXXFZVVCWWKMMAUUG
HQQNJOOLXXXFZVVCWWKMMAUUG
HQQNJOOLXXXFZVVCWWKMMAUUG
HQQNJOOLXXXFZVVCWWKMMAUUG
HQQNJOOLXXXFZVVCWWKMMAUUG
HQQNJOOLXXXFZVVCWWKMMAUUG
SQQNJOOLXXXFPVVCWWKMMAUUG
SQQNJOOLIIIFPVVCWWKMMAUUG
SQQNJOOLIIIFPVVCWWKMMAUUG
SQQNJOOLIIIFPVVCWWKMMAUUG
SQQNJOOLIIIFPVVCWWKMMAUUG
SQQNJOOLIIIFPVVCWWKMMAUUG
SQQNJOOLIIIFPVVCWWKMMAUUG
SQQNJOOLIIIFPVVCWWKMMAUUG
SQQNJOOLIIIFPVVCWWKMMAUUG
SQQNJOOLIIIFPVVCWWKMMAUUG
SQQNJOOLIIIFPVVCWWKDDAUUG
SQQNJOOLYYYFPVVCWWKDDAUUG
SQQNJOOLYYYFPVVCWWKDDAUUG
SQQNJOOLYYYFPVVCWWKDDAUUG
BQQNJOOLYYYEPVVCWWKDDAUUG
BQQNJOOLYYYERVVCWWKDDAUUG
Case #11:
AAAAAAAAAAAAAAAAAAAAAAAAA
BBBBBBBBBBBBBBBBBBBBBBBBB
CCCCCCCCCCCCCCCCCCCCCCCCC
DDDDDDDDDDDDDDDDDDDDDDDDD
EEEEEEEEEEEEEEEEEEEEEEEEE
FFFFFFFFFFFFFFFFFFFFFFFFF
GGGGGGGGGGGGGGGGGGGGGGGGG
HHHHHHHHHHHHHHHHHHHHHHHHH
IIIIIIIIIIIIIIIIIIIIIIIII
JJJJJJJJJJJJJJJJJJJJJJJJJ
KKKKKKKKKKKKKKKKKKKKKKKKK
LLLLLLLLLLLLLLLLLLLLLLLLL
MMMMMMMMMMMMMMMMMMMMMMMMM
NNNNNNNNNNNNNNNNNNNNNNNNN
OOOOOOOOOOOOOOOOOOOOOOOOO
PPPPPPPPPPPPPPPPPPPPPPPPP
QQQQQQQQQQQQQQQQQQQQQQQQQ
RRRRRRRRRRRRRRRRRRRRRRRRR
SSSSSSSSSSSSSSSSSSSSSSSSS
TTTTTTTTTTTTTTTTTTTTTTTTT
UUUUUUUUUUUUUUUUUUUUUUUUU
VVVVVVVVVVVVVVVVVVVVVVVVV
WWWWWWWWWWWWWWWWWWWWWWWWW
XXXXXXXXXXXXXXXXXXXXXXXXX
YYYYYYYYYYYYYYYYYYYYYYYYY
Case #12:
AAAAACDEEEEEEEEEEEFJJJJGG
AAAAACDEEEEEEEEEEEFJJJJGG
AAAAACDEEEEEEEEEEEFJJJJGG
AAAAACDEEEEEEEEEEEFJJJJGG
AAAAACDEEEEEEEEEEEFJJJJGG
AAAAACDEEEEEEEEEEEFJJJJGG
BBBBBCDEEEEEEEEEEEFJJJJGG
BBBBBCDEEEEEEEEEEEFJJJJGG
BBBBBCDEEEEEEEEEEEFJJJJGG
BBBBBCDEEEEEEEEEEEFJJJJGG
BBBBBCDEEEEEEEEEEEFJJJJGG
BBBBBCDEEEEEEEEEEEFJJJJGG
BBBBBCDEEEEEEEEEEEFJJJJGG
BBBBBCDEEEEEEEEEEEFJJJJGG
BBBBBCDEEEEEEEEEEEFJJJJGG
BBBBBCDEEEEEEEEEEEFJJJJGG
BBBBBCDEEEEEEEEEEEFJJJJGG
BBBBBCDEEEEEEEEEEEFJJJJGG
BBBBBCDEEEEEEEEEEEHJJJJGG
BBBBBCDEEEEEEEEEEEHJJJJII
BBBBBCDEEEEEEEEEEEHJJJJII
BBBBBCDEEEEEEEEEEEHJJJJII
BBBBBCDEEEEEEEEEEEHJJJJII
BBBBBCDEEEEEEEEEEEHJJJJII
BBBBBCDEEEEEEEEEEEHJJJJII
Case #13:
AAAAAAEEEEBBBBBBBBBFHIJJJ
AAAAAAEEEEBBBBBBBBBFHIJJJ
AAAAAAEEEEBBBBBBBBBFHIJJJ
AAAAAAEEEEBBBBBBBBBFHIJJJ
AAAAAAEEEEBBBBBBBBBFHIJJJ
AAAAAAEEEEBBBBBBBBBFHIJJJ
AAAAAAEEEEBBBBBBBBBFHIJJJ
AAAAAAEEEEBBBBBBBBBFHIJJJ
AAAAAAEEEEBBBBBBBBBFHIJJJ
CCCCCCEEEEBBBBBBBBBFHIJJJ
CCCCCCEEEEDDDDDDDDDFHIJJJ
CCCCCCEEEEDDDDDDDDDFHIJJJ
CCCCCCEEEEDDDDDDDDDFHIJJJ
CCCCCCEEEEDDDDDDDDDFHIJJJ
CCCCCCEEEEDDDDDDDDDFHIJJJ
CCCCCCEEEEDDDDDDDDDFHIJJJ
CCCCCCEEEEDDDDDDDDDFHIJJJ
CCCCCCEEEEDDDDDDDDDFHIJJJ
CCCCCCEEEEDDDDDDDDDGHIJJJ
CCCCCCEEEEDDDDDDDDDGHIJJJ
CCCCCCEEEEDDDDDDDDDGHIJJJ
CCCCCCEEEEDDDDDDDDDGHIJJJ
CCCCCCEEEEDDDDDDDDDGHIJJJ
CCCCCCEEEEDDDDDDDDDGHIJJJ
CCCCCCEEEEDDDDDDDDDGHIJJJ
Case #14:
AAEEEEBBBBBBBBBFHIJJJJJJJ
AAEEEEBBBBBBBBBFHIJJJJJJJ
CCEEEEBBBBBBBBBFHIJJJJJJJ
CCEEEEDDDDDDDDDFHIJJJJJJJ
CCEEEEDDDDDDDDDFHIJJJJJJJ
CCEEEEDDDDDDDDDFHIJJJJJJJ
CCEEEEDDDDDDDDDFHIJJJJJJJ
CCEEEEDDDDDDDDDFHIJJJJJJJ
CCEEEEDDDDDDDDDFHIJJJJJJJ
CCEEEEDDDDDDDDDFHIJJJJJJJ
CCEEEEDDDDDDDDDFHIJJJJJJJ
CCEEEEDDDDDDDDDFHIJJJJJJJ
CCEEEEDDDDDDDDDFHIJJJJJJJ
CCEEEEDDDDDDDDDFHIJJJJJJJ
CCEEEEDDDDDDDDDFHIJJJJJJJ
CCEEEEDDDDDDDDDFHIJJJJJJJ
CCEEEEDDDDDDDDDFHIJJJJJJJ
CCEEEEDDDDDDDDDFHIJJJJJJJ
CCEEEEDDDDDDDDDFHIJJJJJJJ
CCEEEEDDDDDDDDDFHIJJJJJJJ
CCEEEEDDDDDDDDDFHIJJJJJJJ
CCEEEEDDDDDDDDDFHIJJJJJJJ
CCEEEEDDDDDDDDDGHIJJJJJJJ
CCEEEEDDDDDDDDDGHIJJJJJJJ
CCEEEEDDDDDDDDDGHIJJJJJJJ
Case #15:
DDDDUACVFXLGGGGGGGGGGGGGG
DDDDUACKFXLGGGGGGGGGGGGGG
DDDDUACKFXLGGGGGGGGGGGGGG
DDDDUACPZXLGGGGGGGGGGGGGG
DDDDUSCQIXLGGGGGGGGGGGGGG
DDDDUYCQRXLGGGGGGGGGGGGGG
NNNNUOCHEXLGGGGGGGGGGGGGG
NNNNUJCWEXBGGGGGGGGGGGGGG
NNNNUJMWTXBGGGGGGGGGGGGGG
NNNNUJMWTXBGGGGGGGGGGGGGG
NNNNUJMWTXBGGGGGGGGGGGGGG
NNNNUJMWTXBGGGGGGGGGGGGGG
NNNNUJMWTXBGGGGGGGGGGGGGG
NNNNUJMWTXBGGGGGGGGGGGGGG
NNNNUJMWTXBGGGGGGGGGGGGGG
NNNNUJMWTXBGGGGGGGGGGGGGG
NNNNUJMWTXBGGGGGGGGGGGGGG
NNNNUJMWTXBGGGGGGGGGGGGGG
NNNNUJMWTXBGGGGGGGGGGGGGG
NNNNUJMWTXBGGGGGGGGGGGGGG
NNNNUJMWTXBGGGGGGGGGGGGGG
NNNNUJMWTXBGGGGGGGGGGGGGG
NNNNUJMWTXBGGGGGGGGGGGGGG
NNNNUJMWTXBGGGGGGGGGGGGGG
NNNNUJMWTXBGGGGGGGGGGGGGG
Case #16:
KRRSOOOAHYTEUQWVMXXIIDFF
KRRSOOOAHYTEUQWVMXXIIDFF
KRRSOOOAHYTEUQWVMXXIIDFF
KRRSOOOAHYTEUQWVMXXIIDFF
KRRSOOOAHYTEUQWVMXXIIDFF
KRRSOOOAHYTEUQWVMXXIIDFF
KRRSOOOAHYTEUQWVMXXIIDFF
KRRSOOOAHYTEUQWVMXXIIDFF
KRRSOOOAHYTEUQWVMXXIIDFF
KRRSOOOAHYTEUQWVMXXIIDFF
KRRSOOOAHYTEUQWVMXXIIDFF
KRRSOOOAHYTEUQWVMXXIIDFF
KRRSOOOAHYTEUQWJMXXIIDFF
KRRSOOOAHYTEUQWJMXXIIDFF
KRRSOOOAHYTEUQWJMXXIIDFF
KRRSOOOAHYTEUQWJMXXIIDFF
KRRSOOOAHYTEUQWJMXXIIDFF
KRRSOOOAHYPEUQWJMXXIIDFF
KRRSOOOAHYPEUQWJMXXIIDFF
KRRSOOOAHYPEUQWJMXXIIDFF
KRRSNNNAHYPEUQWJMXXIIDFF
KRRSNNNAHYPEUQWJMXXIIDFF
KRRSBBBAHYPEUQWJMXXIIDFF
KRRSBBBAHYPEUQWJMXXIIDFF
KRRSBBBALYGEUQWJMCCIIDFF
Case #17:
VVVZOODYJJRBECCWWIIKHPPPP
VVVZOODYJJRBECCWWIIKHPPPP
VVVZOODYJJRBECCWWIIKHPPPP
VVVZOODYJJRBECCWWIIKHPPPP
VVVMOODYJJRBECCWWIIKHPPPP
VVVMOODYJJRBECCWWIIKHPPPP
VVVMOODYJJRBECCWWIIKHPPPP
VVVMOODYJJRBECCWWIIKHPPPP
VVVMOODYJJRBECCWWIIKHPPPP
VVVMOODYJJRBECCWWIIKHPPPP
VVVMOODYJJRBECCWWIIKHPPPP
VVVMOODYJJRBECCWWIIKHPPPP
VVVMOODYJJRBECCWWIIKHPPPP
VVVMOODYJJRBECCWWIIKHPPPP
VVVMOODYJJRBECCWWIIKHPPPP
VVVMOODYJJRBECCWWIIKHPPPP
VVVMOODYJJRBTCCWWLLKHPPPP
VVVMOOUYJJRBTCCWWLLKHSSSS
VVVMXXUYJJRBTCCWWLLKHSSSS
VVVQXXUYJJRBTCCWWLLKHSSSS
VVVQGGUYJJRBTCCNNLLKHSSSS
VVVQGGUYJJRBTCCNNLLKHSSSS
VVVQGGUYJJRBTCCNNLLKHSSSS
AAAQGGUYJJRBTCCNNLLKHSSSS
AAAQGGUYJJRBTFFNNLLKHSSSS
Case #18:
VVVVGAMQFYHHJJUNNDDIKSCCB
VVVVGAMQFYHHJJUNNDDIKSCCB
VVVVGAMQFYHHJJUNNDDIKSCCB
VVVVGAMQFYHHJJUNNDDIKSCCB
VVVVGAMQFYHHJJUNNDDIKSCCB
VVVVGAMQFYHHJJUNNDDIKSCCB
VVVVGAMQFYHHJJUNNDDIKSCCB
VVVVGAMQFYHHJJUNNDDIKSCCB
VVVVGZMEFYHHJJUNNDDIKSCCB
VVVVGZMEFYHHJJUNNDDIKSCCB
VVVVGZMEFYHHJJUNNDDIKSCCB
VVVVGZMEFYHHJJUNNDDIKSCCB
VVVVGZMEFYHHJJUNNDDIKSCCB
VVVVGZMEFYHHJJUNNDDIKSCCB
VVVVGZMEFYHHJJUNNDDIKSCCB
VVVVGZMEFYHHJJUNNDDIKSCCB
VVVVGZMEFYHHJJUNNDDIKSCCB
VVVVGZMEFYHHJJUNNDDIKSCCB
VVVVGZMEFYHHJJUNNDDIKSCCB
VVVVGZMEFYHHJJUNNDDIKSCCB
XXXXGZMWFYHHJJUNNDDIKSCCT
XXXXGZMWFYHHJJUNNDDIKSCCT
XXXXGZMWFYHHJJUNNDDIKPCCT
XXXXGZMWFLHHJJUNNDDIRPCCT
XXXXGZMWFLHHJJUNNDDIROCCT
Case #19:
AAAAAAAAAAAEEEEBBBBBBBBBB
AAAAAAAAAAAEEEEBBBBBBBBBB
AAAAAAAAAAAEEEEBBBBBBBBBB
AAAAAAAAAAAEEEEBBBBBBBBBB
AAAAAAAAAAAEEEEBBBBBBBBBB
AAAAAAAAAAAEEEEBBBBBBBBBB
AAAAAAAAAAAEEEEBBBBBBBBBB
AAAAAAAAAAAEEEEBBBBBBBBBB
AAAAAAAAAAAEEEEBBBBBBBBBB
AAAAAAAAAAAEEEEBBBBBBBBBB
AAAAAAAAAAAEEEEBBBBBBBBBB
AAAAAAAAAAAEEEEBBBBBBBBBB
AAAAAAAAAAAEEEEBBBBBBBBBB
AAAAAAAAAAAEEEEBBBBBBBBBB
AAAAAAAAAAAEEEEBBBBBBBBBB
AAAAAAAAAAAEEEEBBBBBBBBBB
AAAAAAAAAAAEEEEBBBBBBBBBB
AAAAAAAAAAAEEEEBBBBBBBBBB
CCCCCCCCCCCEEEEBBBBBBBBBB
CCCCCCCCCCCEEEEDDDDDDDDDD
CCCCCCCCCCCEEEEDDDDDDDDDD
CCCCCCCCCCCEEEEDDDDDDDDDD
CCCCCCCCCCCEEEEDDDDDDDDDD
CCCCCCCCCCCEEEEDDDDDDDDDD
CCCCCCCCCCCEEEEDDDDDDDDDD
Case #20:
UUUUUUUUUOXDFRIAMMMMMMMMM
UUUUUUUUUOXDFRIAMMMMMMMMM
UUUUUUUUUOXDFRIAMMMMMMMMM
UUUUUUUUUOXDFRIAMMMMMMMMM
UUUUUUUUUOXDFRIAMMMMMMMMM
UUUUUUUUUOXDFRIAMMMMMMMMM
UUUUUUUUUOXDFRIAMMMMMMMMM
UUUUUUUUUOXDFRIAMMMMMMMMM
UUUUUUUUUOXDFRIAMMMMMMMMM
UUUUUUUUUOXDJRIAMMMMMMMMM
UUUUUUUUUOXZNWQAMMMMMMMMM
UUUUUUUUUOXVNWQAMMMMMMMMM
UUUUUUUUUOCVNYPAMMMMMMMMM
UUUUUUUUUOSBTLPHMMMMMMMMM
UUUUUUUUUOSBGLPHMMMMMMMMM
UUUUUUUUUOSKELPHMMMMMMMMM
UUUUUUUUUOSKELPHMMMMMMMMM
UUUUUUUUUOSKELPHMMMMMMMMM
UUUUUUUUUOSKELPHMMMMMMMMM
UUUUUUUUUOSKELPHMMMMMMMMM
UUUUUUUUUOSKELPHMMMMMMMMM
UUUUUUUUUOSKELPHMMMMMMMMM
UUUUUUUUUOSKELPHMMMMMMMMM
UUUUUUUUUOSKELPHMMMMMMMMM
UUUUUUUUUOSKELPHMMMMMMMMM
Case #21:
NNNNNNNNNNNNNNNNNNQXHWVKJ
NNNNNNNNNNNNNNNNNNQXHWVKJ
NNNNNNNNNNNNNNNNNNQXHWVKJ
NNNNNNNNNNNNNNNNNNQXHWVKJ
NNNNNNNNNNNNNNNNNNQXHWVKJ
NNNNNNNNNNNNNNNNNNQXHWVKJ
NNNNNNNNNNNNNNNNNNQXHWVKJ
NNNNNNNNNNNNNNNNNNQXHWVKJ
NNNNNNNNNNNNNNNNNNQXHWVKJ
NNNNNNNNNNNNNNNNNNQXHWVKJ
NNNNNNNNNNNNNNNNNNQXHWVKJ
NNNNNNNNNNNNNNNNNNQXHWVKJ
NNNNNNNNNNNNNNNNNNQXHWVKJ
NNNNNNNNNNNNNNNNNNQXHWVKJ
NNNNNNNNNNNNNNNNNNQXHWVKJ
NNNNNNNNNNNNNNNNNNQXHWVKJ
NNNNNNNNNNNNNNNNNNQXHWVKJ
NNNNNNNNNNNNNNNNNNQXHWVKE
NNNNNNNNNNNNNNNNNNQXHWVKR
NNNNNNNNNNNNNNNNNNQXHLVKU
NNNNNNNNNNNNNNNNNNQXBLIKZ
NNNNNNNNNNNNNNNNNNQABLIKO
NNNNNNNNNNNNNNNNNNQABLIKY
NNNNNNNNNNNNNNNNNNQDCLGKF
NNNNNNNNNNNNNNNNNNQSCLPTM
Case #22:
GNJSPPOHLLVVXZZZQQFRKKKDC
GNJSPPOHLLVVXZZZQQFRKKKDC
GNJSPPOHLLVVXZZZQQFRKKKDC
GNJSPPOHLLVVXZZZQQFRKKKDC
GNJSPPOHLLVVXZZZQQFRKKKDC
GNJSPPOHLLVVXZZZQQFRKKKDC
GNJSPPOHLLVVXZZZQQFRKKKDC
GNJSPPOHLLVVXZZZQQFRKKKDC
GNJSPPOHLLVVXZZZQQFRKKKDY
GNJSPPOHLLVVIZZZQQFRKKKDY
GNJSPPOHLLVVIZZZAAFRKKKDY
GNJSPPOHLLVVIZZZAAFRKKKDY
GNJSPPOHLLVVIZZZAAFRKKKDY
GNJSPPOHLLVVIZZZAAFRKKKBY
GNJSPPOHLLVVIZZZAAFRKKKBY
GNJSPPOHLLVVIZZZAAFRKKKBY
GNJSPPOHLLVVIZZZAAERKKKBY
GNJMPPOHLLVVIZZZAAERKKKBY
GNUMPPOHLLVVIZZZAAERKKKBY
GNUMPPOHLLVVIZZZAAERKKKBY
WNUMPPOHLLVVIZZZAAERKKKBY
WNUMPPOHLLVVIZZZAAERKKKBY
WNUMPPOHLLVVIZZZAAERKKKBY
WNUMPPOHLLVVIZZZAAERKKKBY
WNUMTTOHLLVVIZZZAAERKKKBY
Case #23:
VVVVVVVVVVVVSSCXXREUIOJTD
VVVVVVVVVVVVSSCXXREUIOJTD
VVVVVVVVVVVVSSCXXREUIOJTD
VVVVVVVVVVVVSSCXXREUIOJTD
VVVVVVVVVVVVSSCXXREUIOJTD
VVVVVVVVVVVVSSCXXREUIOJTD
VVVVVVVVVVVVSSCXXREUIOJTD
VVVVVVVVVVVVSSCXXREUIOJTD
VVVVVVVVVVVVSSCXXREUIOJTD
VVVVVVVVVVVVSSCXXREUIOJTD
VVVVVVVVVVVVSSCXXREUIOJTD
VVVVVVVVVVVVSSCXXREUIOJTD
VVVVVVVVVVVVSSCXXREUIOJTD
VVVVVVVVVVVVSSCXXREUIOJTD
VVVVVVVVVVVVSSCXXREUIMJTD
VVVVVVVVVVVVSSCXXREUIMJTD
VVVVVVVVVVVVSSCXXBEUKHJTD
VVVVVVVVVVVVSSCXXBENZHJTD
VVVVVVVVVVVVSSCXXBENZHJTD
VVVVVVVVVVVVSSCXXBENZHJQD
VVVVVVVVVVVVSSCXXGEAFWJQD
VVVVVVVVVVVVSSCXXGEAFWJPD
VVVVVVVVVVVVSSCXXGEAFWJPD
VVVVVVVVVVVVSSCXXGEAFWJPD
VVVVVVVVVVVVSSCXXYELFWJPD
Case #24:
ABCDEFGHIJKLMNOPQRSTUVWXY
ABCDEFGHIJKLMNOPQRSTUVWXY
ABCDEFGHIJKLMNOPQRSTUVWXY
ABCDEFGHIJKLMNOPQRSTUVWXY
ABCDEFGHIJKLMNOPQRSTUVWXY
ABCDEFGHIJKLMNOPQRSTUVWXY
ABCDEFGHIJKLMNOPQRSTUVWXY
ABCDEFGHIJKLMNOPQRSTUVWXY
ABCDEFGHIJKLMNOPQRSTUVWXY
ABCDEFGHIJKLMNOPQRSTUVWXY
ABCDEFGHIJKLMNOPQRSTUVWXY
ABCDEFGHIJKLMNOPQRSTUVWXY
ABCDEFGHIJKLMNOPQRSTUVWXY
ABCDEFGHIJKLMNOPQRSTUVWXY
ABCDEFGHIJKLMNOPQRSTUVWXY
ABCDEFGHIJKLMNOPQRSTUVWXY
ABCDEFGHIJKLMNOPQRSTUVWXY
ABCDEFGHIJKLMNOPQRSTUVWXY
ABCDEFGHIJKLMNOPQRSTUVWXY
ABCDEFGHIJKLMNOPQRSTUVWXY
ABCDEFGHIJKLMNOPQRSTUVWXY
ABCDEFGHIJKLMNOPQRSTUVWXY
ABCDEFGHIJKLMNOPQRSTUVWXY
ABCDEFGHIJKLMNOPQRSTUVWXY
ABCDEFGHIJKLMNOPQRSTUVWXY
Case #25:
UIYPNNQODEEEXLLLLLVVSRRBW
UIYPNNQODEEEXLLLLLVVSRRBW
UIYPNNQODEEEXLLLLLVVSRRBW
UIYPNNQODEEEXLLLLLVVSRRBW
UIYPNNQODEEEXLLLLLVVSRRBW
UIYPNNQODEEEXLLLLLVVSRRBW
UIYPNNQODEEEXLLLLLVVSRRBW
UIYPNNQODMMMXLLLLLVVSRRBW
CIYPNNQODMMMXLLLLLVVSRRBW
CIYPNNQODMMMXLLLLLVVSRRBW
CIYPTTQODMMMXLLLLLVVSRRBW
CIYPTTQODMMMXLLLLLVVSRRGW
CIYPTTQODMMMXLLLLLVVSRRGW
CIYPTTQOFMMMXLLLLLVVSRRGW
CIYPTTQOFMMMXLLLLLVVSRRGW
CIYPTTQOFMMMXLLLLLVVSRRGW
CIYPTTQOFMMMXLLLLLVVSRRGW
CIYPTTQOFMMMXLLLLLVVSRRGW
CIYPTTQOFMMMXAAAAAVVSRRGW
CIYPTTQOFMMMXAAAAAVVSRRGW
CIYPTTQHFMMMXAAAAAVVSKKGW
CIYPTTQHFMMMXAAAAAVVSKKGW
CIYJTTQHFMMMXAAAAAVVSKKGW
CIYJTTQHFMMMXAAAAAVVSKKGW
Case #26:
AB
Case #27:
MLAJJ
MLAJJ
KIAJJ
GCHJJ
BNOJJ
EFOJJ
DFOJJ
Case #28:
ABCDEFGHIJKLMNOPQRSTUVWXY
ABCDEFGHIJKLMNOPQRSTUVWXY
ABCDEFGHIJKLMNOPQRSTUVWXY
ABCDEFGHIJKLMNOPQRSTUVWXY
ABCDEFGHIJKLMNOPQRSTUVWXY
ABCDEFGHIJKLMNOPQRSTUVWXY
ABCDEFGHIJKLMNOPQRSTUVWXY
ABCDEFGHIJKLMNOPQRSTUVWXY
ABCDEFGHIJKLMNOPQRSTUVWXY
ABCDEFGHIJKLMNOPQRSTUVWXY
ABCDEFGHIJKLMNOPQRSTUVWXY
ABCDEFGHIJKLMNOPQRSTUVWXY
ABCDEFGHIJKLMNOPQRSTUVWXY
ABCDEFGHIJKLMNOPQRSTUVWXY
ABCDEFGHIJKLMNOPQRSTUVWXY
ABCDEFGHIJKLMNOPQRSTUVWXY
ABCDEFGHIJKLMNOPQRSTUVWXY
ABCDEFGHIJKLMNOPQRSTUVWXY
ABCDEFGHIJKLMNOPQRSTUVWXY
ABCDEFGHIJKLMNOPQRSTUVWXY
ABCDEFGHIJKLMNOPQRSTUVWXY
ABCDEFGHIJKLMNOPQRSTUVWXY
ABCDEFGHIJKLMNOPQRSTUVWXY
ABCDEFGHIJKLMNOPQRSTUVWXY
ABCDEFGHIJKLMNOPQRSTUVWXY
Case #29:
AEEEEBBBBBBBBBBBBFHIJJJJJ
AEEEEBBBBBBBBBBBBFHIJJJJJ
AEEEEBBBBBBBBBBBBFHIJJJJJ
AEEEEBBBBBBBBBBBBFHIJJJJJ
AEEEEBBBBBBBBBBBBFHIJJJJJ
CEEEEBBBBBBBBBBBBFHIJJJJJ
CEEEEDDDDDDDDDDDDFHIJJJJJ
CEEEEDDDDDDDDDDDDFHIJJJJJ
CEEEEDDDDDDDDDDDDFHIJJJJJ
CEEEEDDDDDDDDDDDDFHIJJJJJ
CEEEEDDDDDDDDDDDDFHIJJJJJ
CEEEEDDDDDDDDDDDDFHIJJJJJ
CEEEEDDDDDDDDDDDDFHIJJJJJ
CEEEEDDDDDDDDDDDDFHIJJJJJ
CEEEEDDDDDDDDDDDDFHIJJJJJ
CEEEEDDDDDDDDDDDDFHIJJJJJ
CEEEEDDDDDDDDDDDDFHIJJJJJ
CEEEEDDDDDDDDDDDDFHIJJJJJ
CEEEEDDDDDDDDDDDDFHIJJJJJ
CEEEEDDDDDDDDDDDDFHIJJJJJ
CEEEEDDDDDDDDDDDDFHIJJJJJ
CEEEEDDDDDDDDDDDDGHIJJJJJ
CEEEEDDDDDDDDDDDDGHIJJJJJ
CEEEEDDDDDDDDDDDDGHIJJJJJ
CEEEEDDDDDDDDDDDDGHIJJJJJ
Case #30:
JJJJJJJJJJJJJJJTPNVMBRYYY
JJJJJJJJJJJJJJJTPNVMBRYYY
JJJJJJJJJJJJJJJTPNVMBRYYY
JJJJJJJJJJJJJJJTPNVMBRYYY
JJJJJJJJJJJJJJJTPNVMBRYYY
JJJJJJJJJJJJJJJTPNVMBRYYY
JJJJJJJJJJJJJJJTPNVMBRYYY
JJJJJJJJJJJJJJJTPNVMBRYYY
JJJJJJJJJJJJJJJTPNVMBRYYY
JJJJJJJJJJJJJJJTPNVMBRYYY
JJJJJJJJJJJJJJJTPNVMBRYYY
JJJJJJJJJJJJJJJTPNVMBRYYY
JJJJJJJJJJJJJJJTPNVMBRYYY
JJJJJJJJJJJJJJJTPNVMBRYYY
JJJJJJJJJJJJJJJTPNVMBRYYY
JJJJJJJJJJJJJJJTPNVMBRYYY
JJJJJJJJJJJJJJJWPNVZBRYYY
JJJJJJJJJJJJJJJWPHVCBUYYY
JJJJJJJJJJJJJJJWPEVLBKXXX
JJJJJJJJJJJJJJJQAEVLGKXXX
JJJJJJJJJJJJJJJQSIFOGKXXX
JJJJJJJJJJJJJJJQSIDOGKXXX
JJJJJJJJJJJJJJJQSIDOGKXXX
JJJJJJJJJJJJJJJQSIDOGKXXX
JJJJJJJJJJJJJJJQSIDOGKXXX
Case #31:
CB
CA
Case #32:
AAAAAAAAAAAAAAAAAAAAAAAAA
BBBBBBBBBBBBBBBBBBBBBBBBB
CCCCCCCCCCCCCCCCCCCCCCCCC
DDDDDDDDDDDDDDDDDDDDDDDDD
EEEEEEEEEEEEEEEEEEEEEEEEE
FFFFFFFFFFFFFFFFFFFFFFFFF
GGGGGGGGGGGGGGGGGGGGGGGGG
HHHHHHHHHHHHHHHHHHHHHHHHH
IIIIIIIIIIIIIIIIIIIIIIIII
JJJJJJJJJJJJJJJJJJJJJJJJJ
KKKKKKKKKKKKKKKKKKKKKKKKK
LLLLLLLLLLLLLLLLLLLLLLLLL
MMMMMMMMMMMMMMMMMMMMMMMMM
NNNNNNNNNNNNNNNNNNNNNNNNN
OOOOOOOOOOOOOOOOOOOOOOOOO
PPPPPPPPPPPPPPPPPPPPPPPPP
QQQQQQQQQQQQQQQQQQQQQQQQQ
RRRRRRRRRRRRRRRRRRRRRRRRR
SSSSSSSSSSSSSSSSSSSSSSSSS
TTTTTTTTTTTTTTTTTTTTTTTTT
UUUUUUUUUUUUUUUUUUUUUUUUU
VVVVVVVVVVVVVVVVVVVVVVVVV
WWWWWWWWWWWWWWWWWWWWWWWWW
XXXXXXXXXXXXXXXXXXXXXXXXX
YYYYYYYYYYYYYYYYYYYYYYYYY
Case #33:
VCCOAAADZLYKKKIFXGMMMSNNP
VCCOAAADZLYKKKIFXGMMMSNNP
VCCOAAADZLYKKKIFXGMMMSNNP
VCCOAAADZLYKKKIFXGMMMSNNP
VCCOAAADZLYKKKIFXGMMMSNNP
VCCOAAADZLYKKKIFXGMMMSNNP
VCCOAAADZLYKKKIFXGMMMSNNP
VCCOAAADZLYKKKIFXGMMMSNNP
VCCOAAADZLYKKKIFXGMMMSNNP
VCCOAAADZLYKKKIFXQMMMSNNP
VCCOAAADZLYKKKIFXQMMMSNNP
VCCOAAADZLYKKKIFXQMMMSNNP
VCCOAAADZLYKKKIFXQMMMSNNP
VCCWAAADZLYKKKIFXQMMMSNNP
VCCWAAADZLYKKKIFXQMMMSNNP
VCCWAAADZLYKKKIFXQMMMHNNP
VCCWAAADZLYKKKIFXQMMMHNNP
VCCBAAADZLYKKKIFXQMMMHNNP
VCCBAAADZLYKKKIFXJMMMHNNP
VCCTAAADZLYKKKIEXJMMMHNNP
VCCTAAADZLYKKKIEXJMMMHNNP
VCCTAAADZLYKKKIEXJMMMHNNP
VCCTAAADZLYKKKIEXJMMMHNNP
VCCTUUUDZLYKKKIEXJMMMHNNP
VCCTUUUDZLRKKKIEXJMMMHNNP
Case #34:
AAAAAAAEEEEBBBBBBBBBBBBBB
AAAAAAAEEEEBBBBBBBBBBBBBB
AAAAAAAEEEEBBBBBBBBBBBBBB
AAAAAAAEEEEBBBBBBBBBBBBBB
AAAAAAAEEEEBBBBBBBBBBBBBB
AAAAAAAEEEEBBBBBBBBBBBBBB
AAAAAAAEEEEBBBBBBBBBBBBBB
AAAAAAAEEEEBBBBBBBBBBBBBB
AAAAAAAEEEEBBBBBBBBBBBBBB
AAAAAAAEEEEBBBBBBBBBBBBBB
AAAAAAAEEEEBBBBBBBBBBBBBB
AAAAAAAEEEEBBBBBBBBBBBBBB
AAAAAAAEEEEBBBBBBBBBBBBBB
AAAAAAAEEEEBBBBBBBBBBBBBB
AAAAAAAEEEEBBBBBBBBBBBBBB
AAAAAAAEEEEBBBBBBBBBBBBBB
AAAAAAAEEEEBBBBBBBBBBBBBB
AAAAAAAEEEEBBBBBBBBBBBBBB
CCCCCCCEEEEBBBBBBBBBBBBBB
CCCCCCCEEEEDDDDDDDDDDDDDD
CCCCCCCEEEEDDDDDDDDDDDDDD
CCCCCCCEEEEDDDDDDDDDDDDDD
CCCCCCCEEEEDDDDDDDDDDDDDD
CCCCCCCEEEEDDDDDDDDDDDDDD
CCCCCCCEEEEDDDDDDDDDDDDDD
Case #35:
AAAAAAAAAAAAAAAAAAAAAAAAA
BBBBBBBBBBBBBBBBBBBBBBBBB
CCCCCCCCCCCCCCCCCCCCCCCCC
DDDDDDDDDDDDDDDDDDDDDDDDD
EEEEEEEEEEEEEEEEEEEEEEEEE
FFFFFFFFFFFFFFFFFFFFFFFFF
GGGGGGGGGGGGGGGGGGGGGGGGG
HHHHHHHHHHHHHHHHHHHHHHHHH
IIIIIIIIIIIIIIIIIIIIIIIII
JJJJJJJJJJJJJJJJJJJJJJJJJ
KKKKKKKKKKKKKKKKKKKKKKKKK
LLLLLLLLLLLLLLLLLLLLLLLLL
MMMMMMMMMMMMMMMMMMMMMMMMM
NNNNNNNNNNNNNNNNNNNNNNNNN
OOOOOOOOOOOOOOOOOOOOOOOOO
PPPPPPPPPPPPPPPPPPPPPPPPP
QQQQQQQQQQQQQQQQQQQQQQQQQ
RRRRRRRRRRRRRRRRRRRRRRRRR
SSSSSSSSSSSSSSSSSSSSSSSSS
TTTTTTTTTTTTTTTTTTTTTTTTT
UUUUUUUUUUUUUUUUUUUUUUUUU
VVVVVVVVVVVVVVVVVVVVVVVVV
WWWWWWWWWWWWWWWWWWWWWWWWW
XXXXXXXXXXXXXXXXXXXXXXXXX
YYYYYYYYYYYYYYYYYYYYYYYYY
Case #36:
AA
AA
Case #37:
AAAAAAAAAEEEEBBBBBBBBBBBB
AAAAAAAAAEEEEBBBBBBBBBBBB
AAAAAAAAAEEEEBBBBBBBBBBBB
AAAAAAAAAEEEEBBBBBBBBBBBB
AAAAAAAAAEEEEBBBBBBBBBBBB
AAAAAAAAAEEEEBBBBBBBBBBBB
AAAAAAAAAEEEEBBBBBBBBBBBB
AAAAAAAAAEEEEBBBBBBBBBBBB
AAAAAAAAAEEEEBBBBBBBBBBBB
AAAAAAAAAEEEEBBBBBBBBBBBB
AAAAAAAAAEEEEBBBBBBBBBBBB
AAAAAAAAAEEEEBBBBBBBBBBBB
AAAAAAAAAEEEEBBBBBBBBBBBB
AAAAAAAAAEEEEBBBBBBBBBBBB
AAAAAAAAAEEEEBBBBBBBBBBBB
CCCCCCCCCEEEEBBBBBBBBBBBB
CCCCCCCCCEEEEDDDDDDDDDDDD
CCCCCCCCCEEEEDDDDDDDDDDDD
CCCCCCCCCEEEEDDDDDDDDDDDD
CCCCCCCCCEEEEDDDDDDDDDDDD
CCCCCCCCCEEEEDDDDDDDDDDDD
CCCCCCCCCEEEEDDDDDDDDDDDD
CCCCCCCCCEEEEDDDDDDDDDDDD
CCCCCCCCCEEEEDDDDDDDDDDDD
CCCCCCCCCEEEEDDDDDDDDDDDD
Case #38:
GGSMCIEVVRLFWZBQQQXAYYNNT
JJSMCIKVVRLFWPDQQQHOYYNNU
Case #39:
AAACDEEEEEEEEEEEFJJJJGGGG
AAACDEEEEEEEEEEEFJJJJGGGG
AAACDEEEEEEEEEEEFJJJJGGGG
AAACDEEEEEEEEEEEFJJJJGGGG
AAACDEEEEEEEEEEEFJJJJGGGG
AAACDEEEEEEEEEEEFJJJJGGGG
AAACDEEEEEEEEEEEFJJJJGGGG
BBBCDEEEEEEEEEEEFJJJJGGGG
BBBCDEEEEEEEEEEEFJJJJGGGG
BBBCDEEEEEEEEEEEFJJJJGGGG
BBBCDEEEEEEEEEEEFJJJJGGGG
BBBCDEEEEEEEEEEEFJJJJGGGG
BBBCDEEEEEEEEEEEFJJJJGGGG
BBBCDEEEEEEEEEEEFJJJJGGGG
BBBCDEEEEEEEEEEEFJJJJGGGG
BBBCDEEEEEEEEEEEFJJJJGGGG
BBBCDEEEEEEEEEEEFJJJJGGGG
BBBCDEEEEEEEEEEEFJJJJGGGG
BBBCDEEEEEEEEEEEFJJJJGGGG
BBBCDEEEEEEEEEEEFJJJJGGGG
BBBCDEEEEEEEEEEEHJJJJGGGG
BBBCDEEEEEEEEEEEHJJJJIIII
BBBCDEEEEEEEEEEEHJJJJIIII
BBBCDEEEEEEEEEEEHJJJJIIII
BBBCDEEEEEEEEEEEHJJJJIIII
Case #40:
ZFOLEPYIRBJJWWWWWWWWWWWWW
ZFOLEPYIRBJJWWWWWWWWWWWWW
ZFOLEPYIRBJJWWWWWWWWWWWWW
ZFOLEPYIRBJJWWWWWWWWWWWWW
ZFOLEPYIRBJJWWWWWWWWWWWWW
ZFOLEPYIRBJJWWWWWWWWWWWWW
ZFOLEPYIRBJJWWWWWWWWWWWWW
ZFOLEPYIRBJJWWWWWWWWWWWWW
ZFOLEPYIRBJJWWWWWWWWWWWWW
ZFOLEPYIRBJJWWWWWWWWWWWWW
ZFOLEPYIRBJJWWWWWWWWWWWWW
ZFOLEPYIRBJJWWWWWWWWWWWWW
ZFOLEPYIRBJJWWWWWWWWWWWWW
ZFOLEPYIRBJJWWWWWWWWWWWWW
ZFOLEPYIRBJJWWWWWWWWWWWWW
ZFOLHPYIRBJJWWWWWWWWWWWWW
ZFOLHPVIRBJJWWWWWWWWWWWWW
ZFOLHPVIRBJJWWWWWWWWWWWWW
ZFOLAPVIRBJJWWWWWWWWWWWWW
ZFOLAPVIRKJJWWWWWWWWWWWWW
ZSOLACVIRKDDWWWWWWWWWWWWW
ZSOLACVGNKDDWWWWWWWWWWWWW
ZMOLACVGNKDDWWWWWWWWWWWWW
ZTOLACVGUKXXWWWWWWWWWWWWW
ZTOLACVGQKXXWWWWWWWWWWWWW
Case #41:
EECYXHUSLMIDDDDDDDDDDDDDD
EECYXHUSLMIDDDDDDDDDDDDDD
EECYXHUSLMIDDDDDDDDDDDDDD
EECYXHUSLMIDDDDDDDDDDDDDD
EECRXHUSLMIDDDDDDDDDDDDDD
EETRXHUSLMIDDDDDDDDDDDDDD
EETBXHUSLMIDDDDDDDDDDDDDD
ZZNWXHUSLMIDDDDDDDDDDDDDD
ZZPWXHUSLMIDDDDDDDDDDDDDD
ZZPWXHUSLMIDDDDDDDDDDDDDD
ZZPWXHUSLMIDDDDDDDDDDDDDD
ZZPWXHUSLKIDDDDDDDDDDDDDD
ZZPWQHUSLOIDDDDDDDDDDDDDD
ZZPWFHUSJOIDDDDDDDDDDDDDD
ZZPWFGUSJOIDDDDDDDDDDDDDD
ZZPWFAUSJOIDDDDDDDDDDDDDD
ZZPWFAUSJOIDDDDDDDDDDDDDD
ZZPWFAUSJOIDDDDDDDDDDDDDD
ZZVWFAUSJOIDDDDDDDDDDDDDD
ZZVWFAUSJOIDDDDDDDDDDDDDD
ZZVWFAUSJOIDDDDDDDDDDDDDD
ZZVWFAUSJOIDDDDDDDDDDDDDD
ZZVWFAUSJOIDDDDDDDDDDDDDD
ZZVWFAUSJOIDDDDDDDDDDDDDD
ZZVWFAUSJOIDDDDDDDDDDDDDD
Case #42:
AAAAAAAAAAAAAAAAAAAAAAAAA
AAAAAAAAAAAAAAAAAAAAAAAAA
AAAAAAAAAAAAAAAAAAAAAAAAA
AAAAAAAAAAAAAAAAAAAAAAAAA
AAAAAAAAAAAAAAAAAAAAAAAAA
AAAAAAAAAAAAAAAAAAAAAAAAA
AAAAAAAAAAAAAAAAAAAAAAAAA
AAAAAAAAAAAAAAAAAAAAAAAAA
AAAAAAAAAAAAAAAAAAAAAAAAA
AAAAAAAAAAAAAAAAAAAAAAAAA
AAAAAAAAAAAAAAAAAAAAAAAAA
AAAAAAAAAAAAAAAAAAAAAAAAA
AAAAAAAAAAAAAAAAAAAAAAAAA
AAAAAAAAAAAAAAAAAAAAAAAAA
AAAAAAAAAAAAAAAAAAAAAAAAA
AAAAAAAAAAAAAAAAAAAAAAAAA
AAAAAAAAAAAAAAAAAAAAAAAAA
AAAAAAAAAAAAAAAAAAAAAAAAA
AAAAAAAAAAAAAAAAAAAAAAAAA
AAAAAAAAAAAAAAAAAAAAAAAAA
AAAAAAAAAAAAAAAAAAAAAAAAA
AAAAAAAAAAAAAAAAAAAAAAAAA
AAAAAAAAAAAAAAAAAAAAAAAAA
AAAAAAAAAAAAAAAAAAAAAAAAA
AAAAAAAAAAAAAAAAAAAAAAAAA
Case #43:
AACBB
AACBB
AACBB
AACBB
AACBB
Case #44:
JAUFMPRRRRRRRRRRRRRRRRRRR
JAUFMPRRRRRRRRRRRRRRRRRRR
JAUFMPRRRRRRRRRRRRRRRRRRR
JAUFMPRRRRRRRRRRRRRRRRRRR
JAUFMPRRRRRRRRRRRRRRRRRRR
JAUFMPRRRRRRRRRRRRRRRRRRR
JAUFMPRRRRRRRRRRRRRRRRRRR
JAUFMPRRRRRRRRRRRRRRRRRRR
JAUFMPRRRRRRRRRRRRRRRRRRR
JAUFMPRRRRRRRRRRRRRRRRRRR
JAUFMPRRRRRRRRRRRRRRRRRRR
TAUFMPRRRRRRRRRRRRRRRRRRR
CAEFMPRRRRRRRRRRRRRRRRRRR
QAEGMPRRRRRRRRRRRRRRRRRRR
QLEZMPRRRRRRRRRRRRRRRRRRR
QDNBMYRRRRRRRRRRRRRRRRRRR
QDNIXYRRRRRRRRRRRRRRRRRRR
KDNVXYRRRRRRRRRRRRRRRRRRR
SOWHXYRRRRRRRRRRRRRRRRRRR
SOWHXYRRRRRRRRRRRRRRRRRRR
SOWHXYRRRRRRRRRRRRRRRRRRR
SOWHXYRRRRRRRRRRRRRRRRRRR
SOWHXYRRRRRRRRRRRRRRRRRRR
SOWHXYRRRRRRRRRRRRRRRRRRR
SOWHXYRRRRRRRRRRRRRRRRRRR
Case #45:
ACDEEEEEEEEEEEEEEEEEEEEEE
ACDEEEEEEEEEEEEEEEEEEEEEE
ACDEEEEEEEEEEEEEEEEEEEEEE
ACDEEEEEEEEEEEEEEEEEEEEEE
ACDEEEEEEEEEEEEEEEEEEEEEE
ACDEEEEEEEEEEEEEEEEEEEEEE
ACDEEEEEEEEEEEEEEEEEEEEEE
ACDEEEEEEEEEEEEEEEEEEEEEE
ACDEEEEEEEEEEEEEEEEEEEEEE
BCDEEEEEEEEEEEEEEEEEEEEEE
BCDEEEEEEEEEEEEEEEEEEEEEE
BCDEEEEEEEEEEEEEEEEEEEEEE
BCDEEEEEEEEEEEEEEEEEEEEEE
BCDEEEEEEEEEEEEEEEEEEEEEE
BCDEEEEEEEEEEEEEEEEEEEEEE
BCDEEEEEEEEEEEEEEEEEEEEEE
BCDEEEEEEEEEEEEEEEEEEEEEE
BCDEEEEEEEEEEEEEEEEEEEEEE
BCDEEEEEEEEEEEEEEEEEEEEEE
BCDEEEEEEEEEEEEEEEEEEEEEE
BCDEEEEEEEEEEEEEEEEEEEEEE
BCDEEEEEEEEEEEEEEEEEEEEEE
BCDEEEEEEEEEEEEEEEEEEEEEE
BCDEEEEEEEEEEEEEEEEEEEEEE
BCDEEEEEEEEEEEEEEEEEEEEEE
Case #46:
VVVHDDQZZZCCTTNAFEPBBLSSM
VVVHDDQZZZCCTTNAFEPBBLSSM
VVVHDDQZZZCCTTNAFEPBBLSSM
VVVHDDQZZZCCTTNAFEPBBLSSM
VVVHDDQZZZCCTTNAFEPBBLSSM
VVVHDDQZZZCCTTNAFEPBBLSSM
VVVHDDQZZZCCTTNAFEPBBLSSM
VVVHDDQZZZCCTTNAFEPBBLSSM
VVVHDDQZZZCCTTNAFEPBBLSSM
VVVHDDQZZZCCTTNAFEPBBGSSM
VVVHDDQZZZCCTTNAFEPBBGSSM
VVVHDDQZZZCCTTNAFEPBBGSSM
VVVHDDQZZZCCTTNAFEPBBGSSM
VVVHDDQZZZCCTTNAFEPBBKSSM
VVVHDDQZZZCCTTNAOEPBBKSSM
VVVHUUQZZZCCTTNAOEPBBKSSM
VVVHUUQZZZCCTTNAOEPBBKSSM
VVVHUUQZZZCCTTNAOEPBBKSSM
VVVHUUQZZZCCTTNAIEPWWKRRM
VVVHUUQZZZCCTTNAIEPWWKRRM
VVVHUUQZZZCCTTNAXEPWWKRRM
VVVHUUQZZZCCTTNAXEPWWKRRM
VVVHUUQZZZCCTTNAXYPWWKRRM
VVVHUUQZZZCCTTNAXYPWWKRRM
VVVHUUQZZZCCTTNAXJPWWKRRM
Case #47:
YYYYUUUUXZINOVVFRLLCDTAGG
YYYYUUUUXZINOVVFRLLCDTAGG
YYYYUUUUXZINOVVFRLLCDTAGG
YYYYUUUUXZINOVVFRLLCDTAGG
YYYYUUUUXZINOVVFRLLCDTAGG
YYYYUUUUXZINOVVFRLLCDTAGG
YYYYUUUUXHINOVVFRLLCDTAGG
YYYYUUUUXHINOVVFRLLCDTAGG
YYYYUUUUXHINOVVFRLLCDTAGG
YYYYUUUUXHINOVVFRLLCDTAGG
YYYYUUUUXHINOVVFRLLCDTAGG
YYYYUUUUXHINOVVFRLLCDTAGG
YYYYUUUUXHINOVVFRLLCDTAGG
YYYYUUUUXHINOVVFRLLCDTAGG
YYYYUUUUXHINOVVPRMMCJTAGG
YYYYUUUUKHINOVVPRMMCJTAGG
YYYYUUUUKHINOVVPRMMCJTAGG
YYYYBBBBKHINOVVPRMMCJTAGG
YYYYBBBBKHINOVVPRMMCJTAGG
YYYYSSSSKHINOVVPRMMCJTWGG
YYYYSSSSKHINOVVPRMMCJTWGG
YYYYSSSSKHINOVVPRMMCJTWGG
YYYYSSSSKHINOVVPRMMCJTWGG
YYYYSSSSKHINOVVPRMMCJTQGG
YYYYSSSSKHINOVVPREECJTQGG
Case #48:
BBBB
BBBB
BBBB
AAAA
Case #49:
HMLLFBBBZVNCSSSTIIIWOREJJ
HMLLFBBBZVNCSSSTIIIWOREJJ
HMLLFBBBZVNCSSSTIIIWOREJJ
HMLLFBBBZVNCSSSTIIIWOREJJ
HMLLFBBBZVNCSSSTIIIWOREJJ
YMLLFBBBZVNCSSSTIIIWOREJJ
YMLLFBBBZVNCSSSTIIIWOREJJ
YMLLFBBBZVNCSSSTIIIWOREJJ
YMLLFBBBZVNCSSSTIIIWORKJJ
YMLLFBBBZVNCSSSTIIIWORKXX
YMLLFBBBZVNCSSSTIIIWORKXX
YMLLFBBBZVNCSSSTIIIWORKXX
YMLLFBBBZVNCSSSTIIIWORKXX
YMLLFBBBZGNCSSSTIIIWORKXX
YMLLFBBBZGNCSSSTIIIWORKXX
YMLLFBBBZGNCSSSTIIIWORKXX
YQLLFBBBZGNCSSSTIIIWORKXX
YQLLFBBBZGNCSSSTIIIWORKXX
YQLLFBBBZGNCSSSTIIIWORKXX
YQLLFBBBZGNCSSSTIIIWORKXX
YQLLFBBBZGNCSSSTIIIWORKXX
YQLLFBBBZGNCDDDTIIIWORKXX
YQLLFBBBZGNCDDDTIIIWORKXX
YQLLFBBBZGNPDDDTIIIAORKXX
YQLLFBBBZGNPUUUTIIIAORKXX
Case #50:
LRAPKSFYNEIIIIIIIIIIIIIII
LRAPKSFYNEIIIIIIIIIIIIIII
LRAPKSFYNEIIIIIIIIIIIIIII
LRAPKSFYNEIIIIIIIIIIIIIII
LRAPKSFYNEIIIIIIIIIIIIIII
LRAPKSFYNEIIIIIIIIIIIIIII
LRAPKSFYNEIIIIIIIIIIIIIII
LRAPKSFYNEIIIIIIIIIIIIIII
LRAPKSFYNEIIIIIIIIIIIIIII
LRAPKSFYNEIIIIIIIIIIIIIII
LRAPKSFYNEIIIIIIIIIIIIIII
LRAPKSFYNEIIIIIIIIIIIIIII
LVAPKSFYNEIIIIIIIIIIIIIII
LVAPKSFYNEIIIIIIIIIIIIIII
LXAPKSFYNEIIIIIIIIIIIIIII
LXAPKSFYNEIIIIIIIIIIIIIII
LXAPKSFYNEIIIIIIIIIIIIIII
LXAPMSFYNEIIIIIIIIIIIIIII
LXAPMJFYNEIIIIIIIIIIIIIII
LXAPDZFYNEIIIIIIIIIIIIIII
LXAPDZFYNEIIIIIIIIIIIIIII
LXAPDZFYNEIIIIIIIIIIIIIII
LBAPTZFYNEIIIIIIIIIIIIIII
LUWPCZQYNEIIIIIIIIIIIIIII
GUWPOZQYNHIIIIIIIIIIIIIII
Case #51:
JGBKEDDIICFLLHHMMMMAAAAAA
Case #52:
ABCDEFGHIJKLMNOPQRSTUVWXY
ABCDEFGHIJKLMNOPQRSTUVWXY
ABCDEFGHIJKLMNOPQRSTUVWXY
ABCDEFGHIJKLMNOPQRSTUVWXY
ABCDEFGHIJKLMNOPQRSTUVWXY
ABCDEFGHIJKLMNOPQRSTUVWXY
ABCDEFGHIJKLMNOPQRSTUVWXY
ABCDEFGHIJKLMNOPQRSTUVWXY
ABCDEFGHIJKLMNOPQRSTUVWXY
ABCDEFGHIJKLMNOPQRSTUVWXY
ABCDEFGHIJKLMNOPQRSTUVWXY
ABCDEFGHIJKLMNOPQRSTUVWXY
ABCDEFGHIJKLMNOPQRSTUVWXY
ABCDEFGHIJKLMNOPQRSTUVWXY
ABCDEFGHIJKLMNOPQRSTUVWXY
ABCDEFGHIJKLMNOPQRSTUVWXY
ABCDEFGHIJKLMNOPQRSTUVWXY
ABCDEFGHIJKLMNOPQRSTUVWXY
ABCDEFGHIJKLMNOPQRSTUVWXY
ABCDEFGHIJKLMNOPQRSTUVWXY
ABCDEFGHIJKLMNOPQRSTUVWXY
ABCDEFGHIJKLMNOPQRSTUVWXY
ABCDEFGHIJKLMNOPQRSTUVWXY
ABCDEFGHIJKLMNOPQRSTUVWXY
ABCDEFGHIJKLMNOPQRSTUVWXY
Case #53:
GQOLKNNBIHWCCCCCCCCCCCCCC
GQOLKNNBIHWCCCCCCCCCCCCCC
GQOLKNNBIHWCCCCCCCCCCCCCC
GQOLKNNBIHWCCCCCCCCCCCCCC
GQOLKNNBIHWCCCCCCCCCCCCCC
GQOLKNNBIHWCCCCCCCCCCCCCC
GQOLKNNBIHWCCCCCCCCCCCCCC
GQOLKNNBIHWCCCCCCCCCCCCCC
GQOLKNNBIHWCCCCCCCCCCCCCC
GQOLKNNBIHWCCCCCCCCCCCCCC
GQOLKNNBIHWCCCCCCCCCCCCCC
GQOLKNNBIHWCCCCCCCCCCCCCC
GQOLKNNBIHWCCCCCCCCCCCCCC
GQOLKNNBIHWCCCCCCCCCCCCCC
GQOLKNNBIHWCCCCCCCCCCCCCC
GQOLKNNBIHWCCCCCCCCCCCCCC
GQOLKNNBIHWCCCCCCCCCCCCCC
GQOLKNNBIHWCCCCCCCCCCCCCC
GQOLKSSBIPFCCCCCCCCCCCCCC
GQAUKSSBIPFCCCCCCCCCCCCCC
VQXZKSSEIPFCCCCCCCCCCCCCC
VQMRKSSEIPFCCCCCCCCCCCCCC
VQYRKDDEIPFCCCCCCCCCCCCCC
VQYRJTTEIPFCCCCCCCCCCCCCC
VQYRJTTEIPFCCCCCCCCCCCCCC
Case #54:
SSIIORDDBAQUMHHJXXKKKTNNC
SSIIORDDBAQUMHHJXXKKKTNNC
SSIIORDDBAQUMHHJXXKKKTNNC
SSIIORDDBAQUMHHJXXKKKTNNG
SSIIORDDBAQUMHHJXXKKKTNNG
SSIIORDDBAQUMHHJXXKKKTNNG
SSIIORDDBAQUMHHJXXKKKTNNG
SSIIORDDBAQUMHHJXXKKKTNNG
SSIIORDDBAQUMHHJXXKKKTNNG
SSIIORDDBAQUMHHJXXKKKTNNG
SSIIORDDEAQUMHHJXXKKKTNNG
SSIIORDDEAQUMHHJXXKKKTNNG
SSIIOPDDEAQUMHHJFFKKKTNNG
SSIIOPDDEAQUMHHJFFKKKTNNG
SSIIOPDDEAQUMHHJFFKKKTNNG
SSIIOPDDEAQUMHHJFFKKKTNNG
SSIIOPDDEAQUMHHJFFKKKTNNG
SSIIOPDDEAQVMHHJFFKKKTNNG
SSIIOPDDEAQVMHHJFFKKKTNNG
SSIIOWDDEAQVMHHJFFKKKTNNG
SSIIZWDDEAQVMHHJFFKKKTNNG
SSIIZWDDEAQYMHHJFFKKKTNNG
SSIIZWDDEAQLMHHJFFKKKTNNG
SSIIZWDDEAQLMHHJFFKKKTNNG
SSIIZWDDEAQLMHHJFFKKKTNNG
Case #55:
AAAAAAAAAAAAAAAAAAAAEEEEB
AAAAAAAAAAAAAAAAAAAAEEEEB
AAAAAAAAAAAAAAAAAAAAEEEEB
AAAAAAAAAAAAAAAAAAAAEEEEB
AAAAAAAAAAAAAAAAAAAAEEEEB
AAAAAAAAAAAAAAAAAAAAEEEEB
AAAAAAAAAAAAAAAAAAAAEEEEB
AAAAAAAAAAAAAAAAAAAAEEEEB
AAAAAAAAAAAAAAAAAAAAEEEEB
AAAAAAAAAAAAAAAAAAAAEEEEB
CCCCCCCCCCCCCCCCCCCCEEEEB
CCCCCCCCCCCCCCCCCCCCEEEED
CCCCCCCCCCCCCCCCCCCCEEEED
CCCCCCCCCCCCCCCCCCCCEEEED
CCCCCCCCCCCCCCCCCCCCEEEED
CCCCCCCCCCCCCCCCCCCCEEEED
CCCCCCCCCCCCCCCCCCCCEEEED
CCCCCCCCCCCCCCCCCCCCEEEED
CCCCCCCCCCCCCCCCCCCCEEEED
CCCCCCCCCCCCCCCCCCCCEEEED
CCCCCCCCCCCCCCCCCCCCEEEED
CCCCCCCCCCCCCCCCCCCCEEEED
CCCCCCCCCCCCCCCCCCCCEEEED
CCCCCCCCCCCCCCCCCCCCEEEED
CCCCCCCCCCCCCCCCCCCCEEEED
Case #56:
NNNNNNNNNNNNNNNNNNNCRBZFX
NNNNNNNNNNNNNNNNNNNCRBZFX
NNNNNNNNNNNNNNNNNNNCRBZFX
NNNNNNNNNNNNNNNNNNNCRBZAX
NNNNNNNNNNNNNNNNNNNCRBZTS
NNNNNNNNNNNNNNNNNNNCRVZQS
NNNNNNNNNNNNNNNNNNNCRVZQS
NNNNNNNNNNNNNNNNNNNCRVZMO
NNNNNNNNNNNNNNNNNNNYKVEMP
NNNNNNNNNNNNNNNNNNNYKWJMP
NNNNNNNNNNNNNNNNNNNYKWJUD
NNNNNNNNNNNNNNNNNNNYKWHUL
NNNNNNNNNNNNNNNNNNNYKWHGL
NNNNNNNNNNNNNNNNNNNYKWHGL
NNNNNNNNNNNNNNNNNNNYKWHGI
NNNNNNNNNNNNNNNNNNNYKWHGI
NNNNNNNNNNNNNNNNNNNYKWHGI
NNNNNNNNNNNNNNNNNNNYKWHGI
NNNNNNNNNNNNNNNNNNNYKWHGI
NNNNNNNNNNNNNNNNNNNYKWHGI
NNNNNNNNNNNNNNNNNNNYKWHGI
NNNNNNNNNNNNNNNNNNNYKWHGI
NNNNNNNNNNNNNNNNNNNYKWHGI
NNNNNNNNNNNNNNNNNNNYKWHGI
NNNNNNNNNNNNNNNNNNNYKWHGI
Case #57:
AAA
AAA
AAA
AAA
AAA
Case #58:
ABCDEFGHIJKLMNOPQRSTUVWXY
ABCDEFGHIJKLMNOPQRSTUVWXY
ABCDEFGHIJKLMNOPQRSTUVWXY
ABCDEFGHIJKLMNOPQRSTUVWXY
ABCDEFGHIJKLMNOPQRSTUVWXY
ABCDEFGHIJKLMNOPQRSTUVWXY
ABCDEFGHIJKLMNOPQRSTUVWXY
ABCDEFGHIJKLMNOPQRSTUVWXY
ABCDEFGHIJKLMNOPQRSTUVWXY
ABCDEFGHIJKLMNOPQRSTUVWXY
ABCDEFGHIJKLMNOPQRSTUVWXY
ABCDEFGHIJKLMNOPQRSTUVWXY
ABCDEFGHIJKLMNOPQRSTUVWXY
ABCDEFGHIJKLMNOPQRSTUVWXY
ABCDEFGHIJKLMNOPQRSTUVWXY
ABCDEFGHIJKLMNOPQRSTUVWXY
ABCDEFGHIJKLMNOPQRSTUVWXY
ABCDEFGHIJKLMNOPQRSTUVWXY
ABCDEFGHIJKLMNOPQRSTUVWXY
ABCDEFGHIJKLMNOPQRSTUVWXY
ABCDEFGHIJKLMNOPQRSTUVWXY
ABCDEFGHIJKLMNOPQRSTUVWXY
ABCDEFGHIJKLMNOPQRSTUVWXY
ABCDEFGHIJKLMNOPQRSTUVWXY
ABCDEFGHIJKLMNOPQRSTUVWXY
Case #59:
WWWKQEEEDJHMUUXXRRLYPTZVV
WWWKQEEEDJHMUUXXRRLYPTZVV
WWWKQEEEDJHMUUXXRRLYPTZVV
WWWKQEEEDJHMUUXXRRLYPTZVV
WWWKQEEEDJHMUUXXRRLYPTZVV
WWWKQEEEDJHMUUXXRRLYPTZVV
WWWKQEEEDJHMUUXXRRLYPTZVV
WWWKQEEEDJHMUUXXRRLYPTZVV
WWWKQEEEDJHMUUXXRRLYPTZVV
WWWKQEEEDJHMUUXXRRLYPTZVV
NNNKQEEEDJHMUUXXRRLYPTZVV
NNNKQEEEDJHMUUXXRRLYPTZVV
NNNKQEEEDJHMUUXXRRLYPTZVV
NNNKQEEEDJHMUUXXRRLYPTZVV
NNNKQEEEDJHMUUXXRRLYPTZVV
NNNKQEEEDJOMUUXXRRLYPTZVV
NNNKQEEEDJOMUUXXRRLYPTZVV
NNNKQEEEDJOMUUXXRRLYPTFVV
NNNKQEEEDJOMAAXXRRLYPTFVV
NNNKQEEEDJOMAAXXRRLYPTFVV
NNNKQEEEDJOMAAXXRRLYPTFVV
NNNKQEEEDJOMBBXXRRSYPTFVV
NNNKQEEEDJIMBBXXRRSYPTFVV
NNNKQEEEDJGMBBXXCCSYPTFVV
NNNKQEEEDJGMBBXXCCSYPTFVV
Case #60:
AAAAAAAAAAAACDEEEEEEEEEEE
AAAAAAAAAAAACDEEEEEEEEEEE
AAAAAAAAAAAACDEEEEEEEEEEE
AAAAAAAAAAAACDEEEEEEEEEEE
AAAAAAAAAAAACDEEEEEEEEEEE
AAAAAAAAAAAACDEEEEEEEEEEE
AAAAAAAAAAAACDEEEEEEEEEEE
AAAAAAAAAAAACDEEEEEEEEEEE
AAAAAAAAAAAACDEEEEEEEEEEE
AAAAAAAAAAAACDEEEEEEEEEEE
AAAAAAAAAAAACDEEEEEEEEEEE
BBBBBBBBBBBBCDEEEEEEEEEEE
BBBBBBBBBBBBCDEEEEEEEEEEE
BBBBBBBBBBBBCDEEEEEEEEEEE
BBBBBBBBBBBBCDEEEEEEEEEEE
BBBBBBBBBBBBCDEEEEEEEEEEE
BBBBBBBBBBBBCDEEEEEEEEEEE
BBBBBBBBBBBBCDEEEEEEEEEEE
BBBBBBBBBBBBCDEEEEEEEEEEE
BBBBBBBBBBBBCDEEEEEEEEEEE
BBBBBBBBBBBBCDEEEEEEEEEEE
BBBBBBBBBBBBCDEEEEEEEEEEE
BBBBBBBBBBBBCDEEEEEEEEEEE
BBBBBBBBBBBBCDEEEEEEEEEEE
BBBBBBBBBBBBCDEEEEEEEEEEE
Case #61:
BBBA
BBBA
BBBA
Case #62:
SSSSSSSSSLJUGBOKWMVVVEEEE
SSSSSSSSSLJUGBOKWMVVVEEEE
SSSSSSSSSLJUGBOKWMVVVEEEE
SSSSSSSSSLJUGBOKWMVVVEEEE
SSSSSSSSSLJUGBOKWMVVVEEEE
SSSSSSSSSLJUGBOKWMVVVEEEE
SSSSSSSSSLJUGBOKWMVVVEEEE
SSSSSSSSSLJUGBOKWMVVVEEEE
SSSSSSSSSLJUGBOKWMVVVEEEE
SSSSSSSSSLJUGBOKWMVVVEEEE
SSSSSSSSSLJUGBOKWMVVVEEEE
SSSSSSSSSLJUGBOKWMVVVEEEE
SSSSSSSSSLJUGBOKWMVVVEEEE
SSSSSSSSSLJUGBFKWMVVVEEEE
SSSSSSSSSLJUYBFKWXVVVEEEE
SSSSSSSSSLPUYBFKWXVVVEEEE
QQQQQQQQQLPUHBFKWXVVVEEEE
QQQQQQQQQLPZHBFKWCDDDEEEE
QQQQQQQQQLPZABFKWCDDDEEEE
QQQQQQQQQLPNABFKTRDDDEEEE
QQQQQQQQQLPNABFKTRDDDEEEE
QQQQQQQQQLPNAIFKTRDDDEEEE
QQQQQQQQQLPNAIFKTRDDDEEEE
QQQQQQQQQLPNAIFKTRDDDEEEE
QQQQQQQQQLPNAIFKTRDDDEEEE
Case #63:
SSSHHHPPPZTBJQQNNDDOKUEMM
SSSHHHPPPZTBJQQNNDDOKUEMM
SSSHHHPPPZTBJQQNNDDOKUEMM
SSSHHHPPPZTBJQQNNDDOKUEMM
SSSHHHPPPZTBJQQNNDDOKUEMM
SSSHHHPPPZTBJQQNNDDOKUEMM
SSSHHHPPPZTBJQQNNDDOKUEMM
SSSHHHPPPZTBJQQNNDDOKUEMM
SSSHHHPPPZTBJQQNNDDOKUEMM
SSSHHHPPPZTBJQQNNDDOGUEMM
SSSHHHPPPRTBJQQNNDDOGUEMM
SSSHHHPPPRTBJQQNNDDOGUEMM
SSSHHHPPPRTBJQQNNDDOXUEMM
SSSHHHPPPRTBJQQNNDDOXUEMM
SSSHHHPPPRCBJQQNNDDOVUEMM
SSSHHHPPPRCBJQQNNDDOVUEMM
SSSIIIPPPRCBJQQNNDDOVUEMM
SSSIIIPPPRCBJQQNNDDOVUEMM
SSSIIIPPPRCAJQQNNDDOVUEMM
SSSIIIYYYRCAJQQNNDDOVUEMM
SSSIIIYYYRCAJQQNNDDOVUEMM
SSSIIIYYYRCAJQQLLDDOVUEMM
FFFIIIYYYRCAJQQLLDDOVUEMM
FFFIIIYYYRCAJQQLLDDOVUEMM
FFFIIIYYYRCAWQQLLDDOVUEMM
Case #64:
ZKKKKNNLLLTEEUPPCHHHISAXB
ZKKKKNNLLLTEEUPPCHHHISAXB
ZKKKKNNLLLTEEUPPCHHHISAXB
ZKKKKNNLLLTEEUPPCHHHISAXB
ZKKKKNNLLLTEEUPPCHHHISAXB
ZKKKKNNLLLTEEUPPCHHHISAXB
ZMMMMNNLLLTEEUPPCHHHISAXB
ZMMMMNNLLLTEEUPPCHHHISAXB
ZMMMMNNLLLTEEUPPCHHHISDXB
ZMMMMNNLLLTEEUPPCHHHVSDXB
WMMMMNNLLLTEEUPPCFFFVSDXB
WMMMMNNLLLTEEUPPCFFFVSDXB
WMMMMNNLLLTEEUPPCFFFVSDXB
YMMMMNNLLLTEEUPPCFFFVSDXB
YGGGGNNLLLTEEUPPCFFFQSDXB
YGGGGNNLLLTEEUPPCFFFQSDXB
YGGGGNNLLLTEEUPPCFFFQSDXB
YGGGGNNLLLTEEUPPCFFFQSDXB
YGGGGNNLLLTEEUPPCFFFQSDXB
YGGGGNNLLLOEEUPPCFFFQSDXB
YGGGGNNLLLOEEUPPCFFFQSDXB
YGGGGNNLLLOEEUPPCFFFQSDXB
YGGGGNNLLLOEEUPPCFFFQSDXB
YGGGGNNLLLOEEUPPCFFFQSDXR
YGGGGNNLLLOEEUPPCJJJQSDXR
Case #65:
AAAAAAAAAAAAAAAAAAAAAAAAA
BBBBBBBBBBBBBBBBBBBBBBBBB
CCCCCCCCCCCCCCCCCCCCCCCCC
DDDDDDDDDDDDDDDDDDDDDDDDD
EEEEEEEEEEEEEEEEEEEEEEEEE
FFFFFFFFFFFFFFFFFFFFFFFFF
GGGGGGGGGGGGGGGGGGGGGGGGG
HHHHHHHHHHHHHHHHHHHHHHHHH
IIIIIIIIIIIIIIIIIIIIIIIII
JJJJJJJJJJJJJJJJJJJJJJJJJ
KKKKKKKKKKKKKKKKKKKKKKKKK
LLLLLLLLLLLLLLLLLLLLLLLLL
MMMMMMMMMMMMMMMMMMMMMMMMM
NNNNNNNNNNNNNNNNNNNNNNNNN
OOOOOOOOOOOOOOOOOOOOOOOOO
PPPPPPPPPPPPPPPPPPPPPPPPP
QQQQQQQQQQQQQQQQQQQQQQQQQ
RRRRRRRRRRRRRRRRRRRRRRRRR
SSSSSSSSSSSSSSSSSSSSSSSSS
TTTTTTTTTTTTTTTTTTTTTTTTT
UUUUUUUUUUUUUUUUUUUUUUUUU
VVVVVVVVVVVVVVVVVVVVVVVVV
WWWWWWWWWWWWWWWWWWWWWWWWW
XXXXXXXXXXXXXXXXXXXXXXXXX
YYYYYYYYYYYYYYYYYYYYYYYYY
Case #66:
MMMMMMMMMMMMMMAAVFFEBSLTN
MMMMMMMMMMMMMMQQVFFEBSKTN
MMMMMMMMMMMMMMQQVFFEBSKTN
MMMMMMMMMMMMMMQQVFFEBZKTN
MMMMMMMMMMMMMMQQIFFEBZKTN
MMMMMMMMMMMMMMQQHFFEBZKTN
MMMMMMMMMMMMMMQQHFFEYZKTO
MMMMMMMMMMMMMMQQHFFEYZKTJ
MMMMMMMMMMMMMMQQHFFXYDKTJ
MMMMMMMMMMMMMMQQHFFXYDUTJ
MMMMMMMMMMMMMMQQHFFXYDPTJ
MMMMMMMMMMMMMMQQHFFXYDPTJ
MMMMMMMMMMMMMMQQHFFXYRPWJ
MMMMMMMMMMMMMMQQHFFXYRGCJ
MMMMMMMMMMMMMMQQHFFXYRGCJ
MMMMMMMMMMMMMMQQHFFXYRGCJ
MMMMMMMMMMMMMMQQHFFXYRGCJ
MMMMMMMMMMMMMMQQHFFXYRGCJ
MMMMMMMMMMMMMMQQHFFXYRGCJ
MMMMMMMMMMMMMMQQHFFXYRGCJ
MMMMMMMMMMMMMMQQHFFXYRGCJ
MMMMMMMMMMMMMMQQHFFXYRGCJ
MMMMMMMMMMMMMMQQHFFXYRGCJ
MMMMMMMMMMMMMMQQHFFXYRGCJ
MMMMMMMMMMMMMMQQHFFXYRGCJ
Case #67:
ABCDEFGHIJKLMNOPQRSTUVWXY
ABCDEFGHIJKLMNOPQRSTUVWXY
ABCDEFGHIJKLMNOPQRSTUVWXY
ABCDEFGHIJKLMNOPQRSTUVWXY
ABCDEFGHIJKLMNOPQRSTUVWXY
ABCDEFGHIJKLMNOPQRSTUVWXY
ABCDEFGHIJKLMNOPQRSTUVWXY
ABCDEFGHIJKLMNOPQRSTUVWXY
ABCDEFGHIJKLMNOPQRSTUVWXY
ABCDEFGHIJKLMNOPQRSTUVWXY
ABCDEFGHIJKLMNOPQRSTUVWXY
ABCDEFGHIJKLMNOPQRSTUVWXY
ABCDEFGHIJKLMNOPQRSTUVWXY
ABCDEFGHIJKLMNOPQRSTUVWXY
ABCDEFGHIJKLMNOPQRSTUVWXY
ABCDEFGHIJKLMNOPQRSTUVWXY
ABCDEFGHIJKLMNOPQRSTUVWXY
ABCDEFGHIJKLMNOPQRSTUVWXY
ABCDEFGHIJKLMNOPQRSTUVWXY
ABCDEFGHIJKLMNOPQRSTUVWXY
ABCDEFGHIJKLMNOPQRSTUVWXY
ABCDEFGHIJKLMNOPQRSTUVWXY
ABCDEFGHIJKLMNOPQRSTUVWXY
ABCDEFGHIJKLMNOPQRSTUVWXY
ABCDEFGHIJKLMNOPQRSTUVWXY
Case #68:
BBBBBBWSVEICHRYYYYYYYYYYY
BBBBBBWSVEICHRYYYYYYYYYYY
BBBBBBWSVEICHRYYYYYYYYYYY
BBBBBBWSVEICHRYYYYYYYYYYY
BBBBBBWSVEICHRYYYYYYYYYYY
BBBBBBWSVEICHRYYYYYYYYYYY
BBBBBBWSVEICHRYYYYYYYYYYY
BBBBBBWSVEICHRYYYYYYYYYYY
BBBBBBWSVEICHRYYYYYYYYYYY
BBBBBBWSVEICHRYYYYYYYYYYY
BBBBBBWSVEICHRYYYYYYYYYYY
BBBBBBWSVEICHRYYYYYYYYYYY
BBBBBBWSVEICHRYYYYYYYYYYY
BBBBBBWSVEICHRYYYYYYYYYYY
BBBBBBWSVEICHRYYYYYYYYYYY
BBBBBBWSVEICHRYYYYYYYYYYY
BBBBBBWSVEICHRYYYYYYYYYYY
BBBBBBWSVEICHRYYYYYYYYYYY
BBBBBBWSMXICHRYYYYYYYYYYY
BBBBBBWSMXICKRYYYYYYYYYYY
NNNNNNQZFXICKRYYYYYYYYYYY
UUUUUUQJGLACKRYYYYYYYYYYY
UUUUUUQOGLACPRYYYYYYYYYYY
UUUUUUQOGLDCPRYYYYYYYYYYY
UUUUUUQOGTDCPRYYYYYYYYYYY
Case #69:
IIIIIIIHOFRDDTYYCCNPBLQUS
IIIIIIIHOFRDDTYYCCNPBLQUS
IIIIIIIHOFRDDTYYCCNPBLQUS
IIIIIIIHOFRDDTYYCCNPBLQUS
IIIIIIIHOFRDDTYYCCNPBLQUS
IIIIIIIHOFRDDTYYCCNPBLQUS
IIIIIIIHOFRGGTYYCCNPBLQUS
IIIIIIIHOFRGGTYYCCNPBLQUS
IIIIIIIHOFRGGTYYCCNPBLQUS
IIIIIIIHOFRGGTYYCCNPBJQUS
IIIIIIIHOFRGGTYYCCNPBJQUS
IIIIIIIHOFRGGTYYCCNPBJQUS
WWWWWWWHOFEGGTYYCCNPBJQUS
WWWWWWWHOFEGGTYYCCNPBJQUS
WWWWWWWHOFEGGTYYCCNPBJQUS
WWWWWWWHOFEGGTYYCCNPBJQUS
WWWWWWWHOFEGGTYYCCNPBJQVS
WWWWWWWHOFEGGTYYCCNPBJQVS
WWWWWWWHOFEGGTYYCCNPBJQVS
WWWWWWWHOFEGGTYYCCNPBJQVS
WWWWWWWHOKEGGTYYCCNPBJXVS
WWWWWWWHOKEGGTYYCCNPBJZVS
WWWWWWWHOKEGGTYYCCNPBJZVS
WWWWWWWHOKEGGTYYCCNPBJZMS
WWWWWWWHOKEGGTYYCCNPBJAMS
Case #70:
ABCDEFGHIJKLMNOPQRSTUVWXY
ABCDEFGHIJKLMNOPQRSTUVWXY
ABCDEFGHIJKLMNOPQRSTUVWXY
ABCDEFGHIJKLMNOPQRSTUVWXY
ABCDEFGHIJKLMNOPQRSTUVWXY
ABCDEFGHIJKLMNOPQRSTUVWXY
ABCDEFGHIJKLMNOPQRSTUVWXY
ABCDEFGHIJKLMNOPQRSTUVWXY
ABCDEFGHIJKLMNOPQRSTUVWXY
ABCDEFGHIJKLMNOPQRSTUVWXY
ABCDEFGHIJKLMNOPQRSTUVWXY
ABCDEFGHIJKLMNOPQRSTUVWXY
ABCDEFGHIJKLMNOPQRSTUVWXY
ABCDEFGHIJKLMNOPQRSTUVWXY
ABCDEFGHIJKLMNOPQRSTUVWXY
ABCDEFGHIJKLMNOPQRSTUVWXY
ABCDEFGHIJKLMNOPQRSTUVWXY
ABCDEFGHIJKLMNOPQRSTUVWXY
ABCDEFGHIJKLMNOPQRSTUVWXY
ABCDEFGHIJKLMNOPQRSTUVWXY
ABCDEFGHIJKLMNOPQRSTUVWXY
ABCDEFGHIJKLMNOPQRSTUVWXY
ABCDEFGHIJKLMNOPQRSTUVWXY
ABCDEFGHIJKLMNOPQRSTUVWXY
ABCDEFGHIJKLMNOPQRSTUVWXY
Case #71:
AAAAAAAAAAAAAAAAAAAAAAAAA
BBBBBBBBBBBBBBBBBBBBBBBBB
CCCCCCCCCCCCCCCCCCCCCCCCC
DDDDDDDDDDDDDDDDDDDDDDDDD
EEEEEEEEEEEEEEEEEEEEEEEEE
FFFFFFFFFFFFFFFFFFFFFFFFF
GGGGGGGGGGGGGGGGGGGGGGGGG
HHHHHHHHHHHHHHHHHHHHHHHHH
IIIIIIIIIIIIIIIIIIIIIIIII
JJJJJJJJJJJJJJJJJJJJJJJJJ
KKKKKKKKKKKKKKKKKKKKKKKKK
LLLLLLLLLLLLLLLLLLLLLLLLL
MMMMMMMMMMMMMMMMMMMMMMMMM
NNNNNNNNNNNNNNNNNNNNNNNNN
OOOOOOOOOOOOOOOOOOOOOOOOO
PPPPPPPPPPPPPPPPPPPPPPPPP
QQQQQQQQQQQQQQQQQQQQQQQQQ
RRRRRRRRRRRRRRRRRRRRRRRRR
SSSSSSSSSSSSSSSSSSSSSSSSS
TTTTTTTTTTTTTTTTTTTTTTTTT
UUUUUUUUUUUUUUUUUUUUUUUUU
VVVVVVVVVVVVVVVVVVVVVVVVV
WWWWWWWWWWWWWWWWWWWWWWWWW
XXXXXXXXXXXXXXXXXXXXXXXXX
YYYYYYYYYYYYYYYYYYYYYYYYY
Case #72:
EGYCQWWWJJIIHHPPBBBBMUXTN
EGYCQWWWJJIIHHPPBBBBMUXTN
EGYCQWWWJJIIHHPPBBBBMUXTN
EGYCQWWWJJIIHHPPBBBBMUXTN
EGYCQWWWJJIIHHPPBBBBMUXTN
EGYCQWWWJJIIHHPPBBBBMUXTN
EGYCQWWWJJIIHHPPBBBBMUXTN
EGYCQWWWJJIIHHPPBBBBMUXTN
EGYCQWWWJJIIHHPPBBBBMUXTN
EGYCQWWWJJIIHHPPBBBBMULTN
EGYCQWWWJJIIHHPPBBBBMULTN
EGYCQWWWJJIIHHPPBBBBMUKTN
EGYCQWWWJJIIHHPPBBBBMUKTN
EGYCQWWWJJIIHHPPBBBBMUKTN
EGYCQWWWJJIIHHPPBBBBMUKTN
EGYCQWWWJJIIHHPPBBBBMUKTN
EAYCQWWWJJIIHHPPBBBBMUKTN
EAYCQWWWJJIIHHPPBBBBMUKTN
EAYCQWWWRRIIHHPPBBBBMUKTN
EAYCQWWWRRIIHHPPBBBBMUKTN
EAYCQWWWRRIIHHPPBBBBMUKTN
EAYCQWWWDDIIHHPPBBBBMUKTN
EAYCQWWWDDIIHHPPBBBBOUKVN
EAYCQWWWDDIIHHPPBBBBOUKSN
EAYCQWWWZZFFHHPPBBBBOUKSN
Case #73:
AAA
AAA
AAA
AAA
Case #74:
A
A
Case #75:
A
B
Case #76:
GDA
CDE
BDF
Case #77:
F
F
D
D
D
M
M
H
C
G
E
E
B
B
B
B
K
I
I
A
A
J
J
L
L
Case #78:
AAACDEEEEEEEEEEEEEEEEEEEE
AAACDEEEEEEEEEEEEEEEEEEEE
AAACDEEEEEEEEEEEEEEEEEEEE
AAACDEEEEEEEEEEEEEEEEEEEE
AAACDEEEEEEEEEEEEEEEEEEEE
AAACDEEEEEEEEEEEEEEEEEEEE
AAACDEEEEEEEEEEEEEEEEEEEE
AAACDEEEEEEEEEEEEEEEEEEEE
AAACDEEEEEEEEEEEEEEEEEEEE
AAACDEEEEEEEEEEEEEEEEEEEE
AAACDEEEEEEEEEEEEEEEEEEEE
AAACDEEEEEEEEEEEEEEEEEEEE
AAACDEEEEEEEEEEEEEEEEEEEE
AAACDEEEEEEEEEEEEEEEEEEEE
AAACDEEEEEEEEEEEEEEEEEEEE
AAACDEEEEEEEEEEEEEEEEEEEE
AAACDEEEEEEEEEEEEEEEEEEEE
AAACDEEEEEEEEEEEEEEEEEEEE
AAACDEEEEEEEEEEEEEEEEEEEE
AAACDEEEEEEEEEEEEEEEEEEEE
AAACDEEEEEEEEEEEEEEEEEEEE
AAACDEEEEEEEEEEEEEEEEEEEE
AAACDEEEEEEEEEEEEEEEEEEEE
BBBCDEEEEEEEEEEEEEEEEEEEE
BBBCDEEEEEEEEEEEEEEEEEEEE
Case #79:
ABCDEFGHIJKLMNOPQRSTUVWXY
ABCDEFGHIJKLMNOPQRSTUVWXY
ABCDEFGHIJKLMNOPQRSTUVWXY
ABCDEFGHIJKLMNOPQRSTUVWXY
ABCDEFGHIJKLMNOPQRSTUVWXY
ABCDEFGHIJKLMNOPQRSTUVWXY
ABCDEFGHIJKLMNOPQRSTUVWXY
ABCDEFGHIJKLMNOPQRSTUVWXY
ABCDEFGHIJKLMNOPQRSTUVWXY
ABCDEFGHIJKLMNOPQRSTUVWXY
ABCDEFGHIJKLMNOPQRSTUVWXY
ABCDEFGHIJKLMNOPQRSTUVWXY
ABCDEFGHIJKLMNOPQRSTUVWXY
ABCDEFGHIJKLMNOPQRSTUVWXY
ABCDEFGHIJKLMNOPQRSTUVWXY
ABCDEFGHIJKLMNOPQRSTUVWXY
ABCDEFGHIJKLMNOPQRSTUVWXY
ABCDEFGHIJKLMNOPQRSTUVWXY
ABCDEFGHIJKLMNOPQRSTUVWXY
ABCDEFGHIJKLMNOPQRSTUVWXY
ABCDEFGHIJKLMNOPQRSTUVWXY
ABCDEFGHIJKLMNOPQRSTUVWXY
ABCDEFGHIJKLMNOPQRSTUVWXY
ABCDEFGHIJKLMNOPQRSTUVWXY
ABCDEFGHIJKLMNOPQRSTUVWXY
Case #80:
AAAAAAAAAAAAAAAAAAAAAAAAA
BBBBBBBBBBBBBBBBBBBBBBBBB
CCCCCCCCCCCCCCCCCCCCCCCCC
DDDDDDDDDDDDDDDDDDDDDDDDD
EEEEEEEEEEEEEEEEEEEEEEEEE
FFFFFFFFFFFFFFFFFFFFFFFFF
GGGGGGGGGGGGGGGGGGGGGGGGG
HHHHHHHHHHHHHHHHHHHHHHHHH
IIIIIIIIIIIIIIIIIIIIIIIII
JJJJJJJJJJJJJJJJJJJJJJJJJ
KKKKKKKKKKKKKKKKKKKKKKKKK
LLLLLLLLLLLLLLLLLLLLLLLLL
MMMMMMMMMMMMMMMMMMMMMMMMM
NNNNNNNNNNNNNNNNNNNNNNNNN
OOOOOOOOOOOOOOOOOOOOOOOOO
PPPPPPPPPPPPPPPPPPPPPPPPP
QQQQQQQQQQQQQQQQQQQQQQQQQ
RRRRRRRRRRRRRRRRRRRRRRRRR
SSSSSSSSSSSSSSSSSSSSSSSSS
TTTTTTTTTTTTTTTTTTTTTTTTT
UUUUUUUUUUUUUUUUUUUUUUUUU
VVVVVVVVVVVVVVVVVVVVVVVVV
WWWWWWWWWWWWWWWWWWWWWWWWW
XXXXXXXXXXXXXXXXXXXXXXXXX
YYYYYYYYYYYYYYYYYYYYYYYYY
Case #81:
AAAAAAAAACDEEEEFJJJJGGGGG
AAAAAAAAACDEEEEFJJJJGGGGG
AAAAAAAAACDEEEEFJJJJGGGGG
AAAAAAAAACDEEEEFJJJJGGGGG
AAAAAAAAACDEEEEFJJJJGGGGG
AAAAAAAAACDEEEEFJJJJGGGGG
AAAAAAAAACDEEEEFJJJJGGGGG
AAAAAAAAACDEEEEFJJJJGGGGG
BBBBBBBBBCDEEEEFJJJJGGGGG
BBBBBBBBBCDEEEEFJJJJGGGGG
BBBBBBBBBCDEEEEFJJJJGGGGG
BBBBBBBBBCDEEEEFJJJJGGGGG
BBBBBBBBBCDEEEEFJJJJGGGGG
BBBBBBBBBCDEEEEFJJJJGGGGG
BBBBBBBBBCDEEEEHJJJJGGGGG
BBBBBBBBBCDEEEEHJJJJIIIII
BBBBBBBBBCDEEEEHJJJJIIIII
BBBBBBBBBCDEEEEHJJJJIIIII
BBBBBBBBBCDEEEEHJJJJIIIII
BBBBBBBBBCDEEEEHJJJJIIIII
BBBBBBBBBCDEEEEHJJJJIIIII
BBBBBBBBBCDEEEEHJJJJIIIII
BBBBBBBBBCDEEEEHJJJJIIIII
BBBBBBBBBCDEEEEHJJJJIIIII
BBBBBBBBBCDEEEEHJJJJIIIII
Case #82:
QPKZYYEEWWWWHVGGCCDOORMFI
QPKZYYEEWWWWHVGGCCDOORMFI
QPKZYYEEWWWWHVGGCCDOORMFI
QPKZYYEEWWWWHVGGCCDOORMFI
QPKZYYEEWWWWHVGGCCDOORMFI
QPKZYYEEWWWWHVGGCCDOORMFI
QPKZYYEEWWWWHVGGCCDOORMFI
QPKZYYEEWWWWHVGGCCDOORMFI
QPKZYYTTWWWWHVGGCCDOORMFI
QPKZYYTTWWWWHVGGCCDOORMFI
QPKZYYTTWWWWHVGGCCDOORMFI
QPKZYYTTWWWWHVGGCCDOORMFI
QPKZYYTTWWWWHVGGCCDOORMFI
QPKZYYTTWWWWHVGGCCDOORMFI
QPKZYYTTWWWWHVGGCCDOORMFI
QPKZYYTTWWWWHVGGCCDOORMFI
QPKZYYTTWWWWHVGGCCDOORMFI
QPKZYYTTWWWWHSGGCCDOORMFI
QPKZYYTTWWWWHSGGCCDOORMAI
QPKZYYTTWWWWUSGGCCDOORMAI
QJKZYYTTWWWWUSGGNNDOORMAX
QJKZYYTTBBBBUSGGNNDOORMAX
QJKZYYTTBBBBUSGGNNDOORMAX
QJLZYYTTBBBBUSGGNNDOORMAX
QJLZYYTTBBBBUSGGNNDOORMAX
Case #83:
AAAAAACDEEEEEEEFJJJJGGGGG
AAAAAACDEEEEEEEFJJJJGGGGG
AAAAAACDEEEEEEEFJJJJGGGGG
AAAAAACDEEEEEEEFJJJJGGGGG
AAAAAACDEEEEEEEFJJJJGGGGG
AAAAAACDEEEEEEEFJJJJGGGGG
AAAAAACDEEEEEEEFJJJJGGGGG
AAAAAACDEEEEEEEFJJJJGGGGG
AAAAAACDEEEEEEEFJJJJGGGGG
AAAAAACDEEEEEEEFJJJJGGGGG
AAAAAACDEEEEEEEFJJJJGGGGG
BBBBBBCDEEEEEEEFJJJJGGGGG
BBBBBBCDEEEEEEEFJJJJGGGGG
BBBBBBCDEEEEEEEFJJJJGGGGG
BBBBBBCDEEEEEEEFJJJJGGGGG
BBBBBBCDEEEEEEEFJJJJGGGGG
BBBBBBCDEEEEEEEFJJJJGGGGG
BBBBBBCDEEEEEEEFJJJJGGGGG
BBBBBBCDEEEEEEEFJJJJGGGGG
BBBBBBCDEEEEEEEFJJJJGGGGG
BBBBBBCDEEEEEEEHJJJJGGGGG
BBBBBBCDEEEEEEEHJJJJIIIII
BBBBBBCDEEEEEEEHJJJJIIIII
BBBBBBCDEEEEEEEHJJJJIIIII
BBBBBBCDEEEEEEEHJJJJIIIII
Case #84:
AAAEEEEBBBBBBBBBBBBBFHIJJ
AAAEEEEBBBBBBBBBBBBBFHIJJ
AAAEEEEBBBBBBBBBBBBBFHIJJ
AAAEEEEBBBBBBBBBBBBBFHIJJ
AAAEEEEBBBBBBBBBBBBBFHIJJ
CCCEEEEBBBBBBBBBBBBBFHIJJ
CCCEEEEDDDDDDDDDDDDDFHIJJ
CCCEEEEDDDDDDDDDDDDDFHIJJ
CCCEEEEDDDDDDDDDDDDDFHIJJ
CCCEEEEDDDDDDDDDDDDDFHIJJ
CCCEEEEDDDDDDDDDDDDDFHIJJ
CCCEEEEDDDDDDDDDDDDDFHIJJ
CCCEEEEDDDDDDDDDDDDDFHIJJ
CCCEEEEDDDDDDDDDDDDDFHIJJ
CCCEEEEDDDDDDDDDDDDDFHIJJ
CCCEEEEDDDDDDDDDDDDDFHIJJ
CCCEEEEDDDDDDDDDDDDDFHIJJ
CCCEEEEDDDDDDDDDDDDDFHIJJ
CCCEEEEDDDDDDDDDDDDDFHIJJ
CCCEEEEDDDDDDDDDDDDDGHIJJ
CCCEEEEDDDDDDDDDDDDDGHIJJ
CCCEEEEDDDDDDDDDDDDDGHIJJ
CCCEEEEDDDDDDDDDDDDDGHIJJ
CCCEEEEDDDDDDDDDDDDDGHIJJ
CCCEEEEDDDDDDDDDDDDDGHIJJ
Case #85:
AAAAAAACDEEEEEEEEEEEEEEEE
AAAAAAACDEEEEEEEEEEEEEEEE
AAAAAAACDEEEEEEEEEEEEEEEE
AAAAAAACDEEEEEEEEEEEEEEEE
AAAAAAACDEEEEEEEEEEEEEEEE
AAAAAAACDEEEEEEEEEEEEEEEE
AAAAAAACDEEEEEEEEEEEEEEEE
AAAAAAACDEEEEEEEEEEEEEEEE
AAAAAAACDEEEEEEEEEEEEEEEE
AAAAAAACDEEEEEEEEEEEEEEEE
AAAAAAACDEEEEEEEEEEEEEEEE
AAAAAAACDEEEEEEEEEEEEEEEE
AAAAAAACDEEEEEEEEEEEEEEEE
AAAAAAACDEEEEEEEEEEEEEEEE
AAAAAAACDEEEEEEEEEEEEEEEE
AAAAAAACDEEEEEEEEEEEEEEEE
BBBBBBBCDEEEEEEEEEEEEEEEE
BBBBBBBCDEEEEEEEEEEEEEEEE
BBBBBBBCDEEEEEEEEEEEEEEEE
BBBBBBBCDEEEEEEEEEEEEEEEE
BBBBBBBCDEEEEEEEEEEEEEEEE
BBBBBBBCDEEEEEEEEEEEEEEEE
BBBBBBBCDEEEEEEEEEEEEEEEE
BBBBBBBCDEEEEEEEEEEEEEEEE
BBBBBBBCDEEEEEEEEEEEEEEEE
Case #86:
ABCDEFGHIJKLMNOPQRSTUVWXY
ABCDEFGHIJKLMNOPQRSTUVWXY
ABCDEFGHIJKLMNOPQRSTUVWXY
ABCDEFGHIJKLMNOPQRSTUVWXY
ABCDEFGHIJKLMNOPQRSTUVWXY
ABCDEFGHIJKLMNOPQRSTUVWXY
ABCDEFGHIJKLMNOPQRSTUVWXY
ABCDEFGHIJKLMNOPQRSTUVWXY
ABCDEFGHIJKLMNOPQRSTUVWXY
ABCDEFGHIJKLMNOPQRSTUVWXY
ABCDEFGHIJKLMNOPQRSTUVWXY
ABCDEFGHIJKLMNOPQRSTUVWXY
ABCDEFGHIJKLMNOPQRSTUVWXY
ABCDEFGHIJKLMNOPQRSTUVWXY
ABCDEFGHIJKLMNOPQRSTUVWXY
ABCDEFGHIJKLMNOPQRSTUVWXY
ABCDEFGHIJKLMNOPQRSTUVWXY
ABCDEFGHIJKLMNOPQRSTUVWXY
ABCDEFGHIJKLMNOPQRSTUVWXY
ABCDEFGHIJKLMNOPQRSTUVWXY
ABCDEFGHIJKLMNOPQRSTUVWXY
ABCDEFGHIJKLMNOPQRSTUVWXY
ABCDEFGHIJKLMNOPQRSTUVWXY
ABCDEFGHIJKLMNOPQRSTUVWXY
ABCDEFGHIJKLMNOPQRSTUVWXY
Case #87:
BC
DA
Case #88:
AA
Case #89:
IIIPYWBZGOOFTTJREEEEEEEEE
IIIPYWBZGOOFTTJREEEEEEEEE
IIIPYWBZGOOFTTJREEEEEEEEE
IIIPYWBZGOOFTTJREEEEEEEEE
IIIPYWBZGOOFTTJREEEEEEEEE
IIIPYWBZGOOFTTJREEEEEEEEE
IIIPYWBZGOOFTTJREEEEEEEEE
IIIPYWBZGOOFTTJREEEEEEEEE
IIIPYWBZGOOFTTJREEEEEEEEE
IIIPYWBZGOOFTTJREEEEEEEEE
IIIPYWBZGOOFTTJREEEEEEEEE
IIIPYWBZGOOFTTJREEEEEEEEE
IIIPYWBZGOOFTTJREEEEEEEEE
IIIPYWBZGOOFTTJREEEEEEEEE
IIIPYWBZGOOFTTJREEEEEEEEE
IIIPYWBZGOOFTTJREEEEEEEEE
IIIPYWBZGOOFTTJREEEEEEEEE
IIIPYWBZGOOFCCJREEEEEEEEE
IIIPYWBZGOOFUUJREEEEEEEEE
IIIPYWBKGOOHUUJREEEEEEEEE
IIIPYWBKGOOAUUJREEEEEEEEE
IIIPYWBKGOOAUUJREEEEEEEEE
IIIPYSBVGOOAUUJREEEEEEEEE
IIIPYLBVMQQAUUJRXXXXXXXXX
IIIPYLBVDNNAUUJRXXXXXXXXX
Case #90:
XXBIIUECCCZVVDYOOOALTPPPJ
XXBIIUECCCKVVDYOOOALTPPPJ
XXBIIUECCCKVVDYOOOALTPPPJ
XXBIIUECCCKVVDYOOOALTPPPJ
XXBIIUECCCKVVDYOOOALTPPPJ
XXBIIUECCCNVVRYOOOALTPPPJ
XXBIIUECCCNVVRYOOOALTPPPJ
XXBIIUECCCNVVRYOOOALTPPPJ
XXBIIUECCCNVVRYOOOALTPPPM
XXBIIUECCCNVVRYOOOALTPPPF
XXBIIUECCCNVVRYOOOALTPPPF
XXBIIUECCCNVVRYOOOALTPPPF
XXBIIUECCCNVVRYWWWALTHHHF
XXBIIUECCCNVVRYWWWALTHHHF
XXBIIUECCCNVVRYWWWALTHHHF
XXBIIUECCCNVVRYWWWALTSSSF
XXBIIUECCCNVVRYWWWALTSSSF
XXBIIUECCCNVVRYWWWALTSSSF
XXBIIUECCCNVVRYWWWALTSSSF
XXBIIUECCCNVVRYWWWAQTSSSF
XXBIIUECCCNVVRYWWWAQTSSSF
XXGIIUECCCNVVRYWWWAQTSSSF
XXGIIUECCCNVVRYWWWAQTSSSF
XXGIIUECCCNVVRYWWWAQTSSSF
XXGIIUECCCNVVRYWWWAQTSSSF
Case #91:
BACJH
BAKFG
DAIEG
Case #92:
ANBOCPDQERFSGTHUIVJWKXLYM
ANBOCPDQERFSGTHUIVJWKXLYM
ZNBOCPDQERFSGTHUIVJWKXLYM
ZNBOCPDQERFSGTHUIVJWKXLYM
ZNBOCPDQERFSGTHUIVJWKXLYM
ZNBOCPDQERFSGTHUIVJWKXLYM
ZNBOCPDQERFSGTHUIVJWKXLYM
ZNBOCPDQERFSGTHUIVJWKXLYM
ZNBOCPDQERFSGTHUIVJWKXLYM
ZNBOCPDQERFSGTHUIVJWKXLYM
ZNBOCPDQERFSGTHUIVJWKXLYM
ZNBOCPDQERFSGTHUIVJWKXLYM
ZNBOCPDQERFSGTHUIVJWKXLYM
ZNBOCPDQERFSGTHUIVJWKXLYM
ZNBOCPDQERFSGTHUIVJWKXLYM
ZNBOCPDQERFSGTHUIVJWKXLYM
ZNBOCPDQERFSGTHUIVJWKXLYM
ZNBOCPDQERFSGTHUIVJWKXLYM
ZNBOCPDQERFSGTHUIVJWKXLYM
ZNBOCPDQERFSGTHUIVJWKXLYM
ZNBOCPDQERFSGTHUIVJWKXLYM
ZNBOCPDQERFSGTHUIVJWKXLYM
ZNBOCPDQERFSGTHUIVJWKXLYM
ZNBOCPDQERFSGTHUIVJWKXLYM
ZNBOCPDQERFSGTHUIVJWKXLYM
Case #93:
LLLLLLLLLLLLLQDWIRUZNFXKT
LLLLLLLLLLLLLQDWIRUZNFXKT
LLLLLLLLLLLLLQDWIRUZNFXKT
LLLLLLLLLLLLLQDWIRUZNFXKT
LLLLLLLLLLLLLQDWIRUZNFXKT
LLLLLLLLLLLLLQDWIRUZNFXKT
LLLLLLLLLLLLLQDWIRUZNFXKT
LLLLLLLLLLLLLQDWIRUZNFXKT
LLLLLLLLLLLLLQDWIRUZSFXKT
LLLLLLLLLLLLLQDWIRUVSFXKT
LLLLLLLLLLLLLQDWIRUVSFXKT
LLLLLLLLLLLLLQDWIRUVSFXKT
LLLLLLLLLLLLLQDWIRUVSBXKT
LLLLLLLLLLLLLQDWIRUVSBXKT
LLLLLLLLLLLLLQDWIRUVSBXOT
LLLLLLLLLLLLLQDWIYUESMXOT
LLLLLLLLLLLLLQDWIYUESMXGT
LLLLLLLLLLLLLQDWIYUEHMXGC
LLLLLLLLLLLLLQDWIYUEHMXAC
LLLLLLLLLLLLLQDWIYUJHMXAC
LLLLLLLLLLLLLQDWIYUJHPXAC
LLLLLLLLLLLLLQDWIYUJHPXAC
LLLLLLLLLLLLLQDWIYUJHPXAC
LLLLLLLLLLLLLQDWIYUJHPXAC
LLLLLLLLLLLLLQDWIYUJHPXAC
Case #94:
AAAAAAAAAAAAAAAAAACDEEEEE
AAAAAAAAAAAAAAAAAACDEEEEE
AAAAAAAAAAAAAAAAAACDEEEEE
AAAAAAAAAAAAAAAAAACDEEEEE
AAAAAAAAAAAAAAAAAACDEEEEE
AAAAAAAAAAAAAAAAAACDEEEEE
AAAAAAAAAAAAAAAAAACDEEEEE
AAAAAAAAAAAAAAAAAACDEEEEE
AAAAAAAAAAAAAAAAAACDEEEEE
AAAAAAAAAAAAAAAAAACDEEEEE
AAAAAAAAAAAAAAAAAACDEEEEE
AAAAAAAAAAAAAAAAAACDEEEEE
AAAAAAAAAAAAAAAAAACDEEEEE
AAAAAAAAAAAAAAAAAACDEEEEE
AAAAAAAAAAAAAAAAAACDEEEEE
AAAAAAAAAAAAAAAAAACDEEEEE
AAAAAAAAAAAAAAAAAACDEEEEE
AAAAAAAAAAAAAAAAAACDEEEEE
BBBBBBBBBBBBBBBBBBCDEEEEE
BBBBBBBBBBBBBBBBBBCDEEEEE
BBBBBBBBBBBBBBBBBBCDEEEEE
BBBBBBBBBBBBBBBBBBCDEEEEE
BBBBBBBBBBBBBBBBBBCDEEEEE
BBBBBBBBBBBBBBBBBBCDEEEEE
BBBBBBBBBBBBBBBBBBCDEEEEE
Case #95:
JKPRDG
JNPRDO
CLPRDI
CLABDI
CHQEDI
MHQFDI
Case #96:
AIJB
AIJE
AIDF
AIGC
AIGH
AIGH
Case #97:
AAAAAAAAACDEEEEEEFJJJJGGG
AAAAAAAAACDEEEEEEFJJJJGGG
AAAAAAAAACDEEEEEEFJJJJGGG
AAAAAAAAACDEEEEEEFJJJJGGG
AAAAAAAAACDEEEEEEFJJJJGGG
AAAAAAAAACDEEEEEEFJJJJGGG
AAAAAAAAACDEEEEEEFJJJJGGG
AAAAAAAAACDEEEEEEFJJJJGGG
AAAAAAAAACDEEEEEEFJJJJGGG
AAAAAAAAACDEEEEEEFJJJJGGG
BBBBBBBBBCDEEEEEEFJJJJGGG
BBBBBBBBBCDEEEEEEFJJJJGGG
BBBBBBBBBCDEEEEEEFJJJJGGG
BBBBBBBBBCDEEEEEEFJJJJGGG
BBBBBBBBBCDEEEEEEHJJJJGGG
BBBBBBBBBCDEEEEEEHJJJJIII
BBBBBBBBBCDEEEEEEHJJJJIII
BBBBBBBBBCDEEEEEEHJJJJIII
BBBBBBBBBCDEEEEEEHJJJJIII
BBBBBBBBBCDEEEEEEHJJJJIII
BBBBBBBBBCDEEEEEEHJJJJIII
BBBBBBBBBCDEEEEEEHJJJJIII
BBBBBBBBBCDEEEEEEHJJJJIII
BBBBBBBBBCDEEEEEEHJJJJIII
BBBBBBBBBCDEEEEEEHJJJJIII
Case #98:
AAAAAAEEEEBBBBBBBBBBBBBBB
AAAAAAEEEEBBBBBBBBBBBBBBB
AAAAAAEEEEBBBBBBBBBBBBBBB
AAAAAAEEEEBBBBBBBBBBBBBBB
AAAAAAEEEEBBBBBBBBBBBBBBB
AAAAAAEEEEBBBBBBBBBBBBBBB
AAAAAAEEEEBBBBBBBBBBBBBBB
AAAAAAEEEEBBBBBBBBBBBBBBB
AAAAAAEEEEBBBBBBBBBBBBBBB
AAAAAAEEEEBBBBBBBBBBBBBBB
CCCCCCEEEEBBBBBBBBBBBBBBB
CCCCCCEEEEDDDDDDDDDDDDDDD
CCCCCCEEEEDDDDDDDDDDDDDDD
CCCCCCEEEEDDDDDDDDDDDDDDD
CCCCCCEEEEDDDDDDDDDDDDDDD
CCCCCCEEEEDDDDDDDDDDDDDDD
CCCCCCEEEEDDDDDDDDDDDDDDD
CCCCCCEEEEDDDDDDDDDDDDDDD
CCCCCCEEEEDDDDDDDDDDDDDDD
CCCCCCEEEEDDDDDDDDDDDDDDD
CCCCCCEEEEDDDDDDDDDDDDDDD
CCCCCCEEEEDDDDDDDDDDDDDDD
CCCCCCEEEEDDDDDDDDDDDDDDD
CCCCCCEEEEDDDDDDDDDDDDDDD
CCCCCCEEEEDDDDDDDDDDDDDDD
Case #99:
NEFIRMYYYYYYYYYYYYYYYYYYY
NEFIRMYYYYYYYYYYYYYYYYYYY
NEFIRMYYYYYYYYYYYYYYYYYYY
NEFIRMYYYYYYYYYYYYYYYYYYY
NEFIRMYYYYYYYYYYYYYYYYYYY
NEFIRMYYYYYYYYYYYYYYYYYYY
NEFIRMYYYYYYYYYYYYYYYYYYY
NEFIRMYYYYYYYYYYYYYYYYYYY
NEFIRMYYYYYYYYYYYYYYYYYYY
NEFIRMYYYYYYYYYYYYYYYYYYY
NEFIRMYYYYYYYYYYYYYYYYYYY
NEFIRMYYYYYYYYYYYYYYYYYYY
GLFIRMYYYYYYYYYYYYYYYYYYY
GLWIRMYYYYYYYYYYYYYYYYYYY
GCWSOMYYYYYYYYYYYYYYYYYYY
GAWSOMYYYYYYYYYYYYYYYYYYY
GAWSHDYYYYYYYYYYYYYYYYYYY
ZQUPHDYYYYYYYYYYYYYYYYYYY
BQUJVDYYYYYYYYYYYYYYYYYYY
BTXJVDYYYYYYYYYYYYYYYYYYY
BKXJVDYYYYYYYYYYYYYYYYYYY
BKXJVDYYYYYYYYYYYYYYYYYYY
BKXJVDYYYYYYYYYYYYYYYYYYY
BKXJVDYYYYYYYYYYYYYYYYYYY
BKXJVDYYYYYYYYYYYYYYYYYYY
Case #100:
PU
BU
ZU
RC
OC
AS
AS
HS
WD
WE
MK
MK
QL
GL
GL
GT
JX
YX
YX
YV
YV
YI
YI
YI
FN
