Case #1:
GCJ
GCJ
GCJ
Case #2:
CODE
CODE
CJAM
Case #3:
CA
KE
Case #4:
AE
AE
CE
BD
CE
AE
Case #5:
CGBD
CHEI
CAFJ
Case #6:
CEAB
CFHI
CGJD
Case #7:
EFI
KGL
DJC
ABH
Case #8:
FFBE
FFCA
FFBD
Case #9:
ACBD
ACBD
ECFD
Case #10:
FCA
ECD
FCD
FBA
Case #11:
BCE
DCE
FAE
BCE
Case #12:
BA
BA
Case #13:
EBF
DBF
CAF
EBF
Case #14:
ACDF
ACDE
BCDF
Case #15:
DCA
BEA
DFA
DCA
Case #16:
AAA?
BBB?
CCC?
Case #17:
FFE
FFA
CCB
FFD
Case #18:
BAC
Case #19:
B
A
Case #20:
BHJF
ALKI
CDGE
Case #21:
EBD
GAD
IFJ
CHD
Case #22:
CDA
FDA
CBA
CEA
Case #23:
ABG
DHE
CJI
ABF
Case #24:
AA
AA
Case #25:
CBB
EAA
FDD
CBB
Case #26:
DCEE
BCEE
ACEE
Case #27:
ADE
BDE
CDE
Case #28:
EBAD
EBAC
EBAD
Case #29:
BAD
EFD
BAD
BCD
Case #30:
AEB
CEB
AED
AEF
Case #31:
ABCD
ABCD
ABCD
Case #32:
ADEE
BFEE
ACEE
Case #33:
DDE
AAB
DDC
DDE
Case #34:
AB
Case #35:
BEAC
BEAC
BEAD
Case #36:
DBEE
FCEE
DAEE
Case #37:
CHDE
GIKA
FBJE
Case #38:
CIG
HAD
EFG
BIG
Case #39:
CHDE
BGFE
JIAE
Case #40:
FHE
FAJ
CDG
FBI
Case #41:
BD
AC
Case #42:
AABB
AABB
Case #43:
?AAA
?BBB
?CCC
Case #44:
ABBCCDDEEFFF
Case #45:
DAF
CAB
CEB
DAF
Case #46:
BAEC
DAEC
BAEC
Case #47:
CBAE
CBDE
CBAE
Case #48:
ADEE
BCEE
ADEE
Case #49:
AEC
BDF
Case #50:
AAC
BBC
Case #51:
AFB
ACB
DCE
AFB
Case #52:
BAC
BAF
DAE
BAC
Case #53:
CDB
CAB
CFB
EDB
Case #54:
ABCC
ABCC
ABCC
Case #55:
CEJA
IKGF
CBHD
Case #56:
EDF
BDF
CDF
EDA
Case #57:
ABC
DBC
ABE
Case #58:
EBD
EAD
EFC
EBD
Case #59:
AAA
Case #60:
EEAB
EEDB
EECB
Case #61:
AA
Case #62:
AA??
BB??
CC??
Case #63:
DCBB
DCAA
DCEE
Case #64:
AEF
DCF
DBF
AEF
Case #65:
CCJJ
CCJJ
CCJJ
Case #66:
FAEB
HGCB
FDEB
Case #67:
AF
AB
CB
AD
EB
AF
Case #68:
ABCD
ABCD
ABCD
Case #69:
ADBECF
ADBECF
Case #70:
AAA
AAA
Case #71:
AECD
BECD
AECD
Case #72:
ABCD
ABCD
ABCD
Case #73:
CAB
EAD
Case #74:
GHAE
LCJB
DKIF
Case #75:
IFBC
IAED
IFGH
Case #76:
CDDE
CDDB
CDDA
Case #77:
BCF
ADE
BCF
BCF
Case #78:
CDB
CAB
Case #79:
CAAE
CAAD
CAAB
Case #80:
BCC?
DEE?
ACC?
Case #81:
BBA
BBA
Case #82:
FCE
FBE
DBA
FCE
Case #83:
CDE
CFB
CDB
CAE
Case #84:
CEDD
CABB
CEDD
Case #85:
A
A
B
A
C
A
D
A
E
A
F
A
Case #86:
AFB
CID
EHJ
AGB
Case #87:
FCB
FIH
FED
FAG
Case #88:
BA
BC
Case #89:
EDCA
BDCA
EDCA
Case #90:
BJD
CHI
EGL
FKA
Case #91:
CJI
KLG
HDB
AEF
Case #92:
A
Case #93:
ECD
ABD
ECD
ECD
Case #94:
BDAE
CDAE
BDAE
Case #95:
BGLK
DJEF
HCAI
Case #96:
DCA
DEA
DBA
DCA
Case #97:
BA
BA
BA
BA
Case #98:
BAA
Case #99:
A
A
Case #100:
JKAH
CGEB
JIDF
